<?xml version="1.0" encoding="utf-8"?>
<TestRun id="a35acbb9-19c3-43e9-85dc-e8f492c01786" name="Pasca@PASCAL 2025-06-28 20:42:21" runUser="PASCAL\Pasca" xmlns="http://microsoft.com/schemas/VisualStudio/TeamTest/2010">
  <Times creation="2025-06-28T20:42:21.7748377+02:00" queuing="2025-06-28T20:42:21.7748379+02:00" start="2025-06-28T20:42:21.3684907+02:00" finish="2025-06-28T20:42:21.7991471+02:00" />
  <TestSettings name="default" id="a9fe4ff2-84b8-4f43-bb86-bba66cac6ac0">
    <Deployment runDeploymentRoot="Pasca_PASCAL_2025-06-28_20_42_21" />
  </TestSettings>
  <Results>
    <UnitTestResult executionId="4f1f275b-7e8b-4857-b0f9-cd699754bcf9" testId="69520013-93d6-4eeb-dff1-3a320c8a3d15" testName="EasyWoWMacro.Tests.CommandValidatorTests.IsValidCommand_VariousValidCommands_ShouldReturnTrue(commandName: &quot;/showtooltip&quot;)" computerName="PASCAL" duration="00:00:00.0000005" startTime="2025-06-28T20:42:21.7534133+02:00" endTime="2025-06-28T20:42:21.7534134+02:00" testType="13cdc9d9-ddb5-4fa4-a97d-d965ccfc6d4b" outcome="Passed" testListId="8c84fa94-04c1-424b-9868-57a2d4851a1d" relativeResultsDirectory="4f1f275b-7e8b-4857-b0f9-cd699754bcf9" />
    <UnitTestResult executionId="5acc1cb5-ab2f-49c0-a484-7f3999ed8ec3" testId="2157a626-d42c-43d4-7da3-3e179269c4e0" testName="EasyWoWMacro.Tests.CommandValidatorTests.IsValidCommand_VariousValidCommands_ShouldReturnTrue(commandName: &quot;/petattack&quot;)" computerName="PASCAL" duration="00:00:00.0000005" startTime="2025-06-28T20:42:21.7533559+02:00" endTime="2025-06-28T20:42:21.7533559+02:00" testType="13cdc9d9-ddb5-4fa4-a97d-d965ccfc6d4b" outcome="Passed" testListId="8c84fa94-04c1-424b-9868-57a2d4851a1d" relativeResultsDirectory="5acc1cb5-ab2f-49c0-a484-7f3999ed8ec3" />
    <UnitTestResult executionId="b376a9ca-6187-4225-8268-33cda89fd230" testId="8836f919-0d13-e057-9959-4f65e65d10e6" testName="EasyWoWMacro.Tests.MacroParserTests.Parse_SimpleDirective_ShouldParseCorrectly" computerName="PASCAL" duration="00:00:00.0001916" startTime="2025-06-28T20:42:21.7541403+02:00" endTime="2025-06-28T20:42:21.7541403+02:00" testType="13cdc9d9-ddb5-4fa4-a97d-d965ccfc6d4b" outcome="Passed" testListId="8c84fa94-04c1-424b-9868-57a2d4851a1d" relativeResultsDirectory="b376a9ca-6187-4225-8268-33cda89fd230" />
    <UnitTestResult executionId="85d430ea-b9d6-43b6-87cc-f7c97ea821ba" testId="e871285a-d570-8b31-9d33-2f938d7f3f1c" testName="EasyWoWMacro.Tests.ConditionalValidatorTests.IsValidCondition_VariousValidConditions_ShouldReturnTrue(key: &quot;mod&quot;, value: &quot;shift&quot;)" computerName="PASCAL" duration="00:00:00.0000024" startTime="2025-06-28T20:42:21.7533190+02:00" endTime="2025-06-28T20:42:21.7533190+02:00" testType="13cdc9d9-ddb5-4fa4-a97d-d965ccfc6d4b" outcome="Passed" testListId="8c84fa94-04c1-424b-9868-57a2d4851a1d" relativeResultsDirectory="85d430ea-b9d6-43b6-87cc-f7c97ea821ba" />
    <UnitTestResult executionId="0cfd639b-911f-4711-94b1-5d515c88cee1" testId="ce8c545b-be51-2c27-2d6f-d4922b791842" testName="EasyWoWMacro.Tests.CommandValidatorTests.IsValidCommand_VariousInvalidCommands_ShouldReturnFalse(commandName: &quot; &quot;)" computerName="PASCAL" duration="00:00:00.0000024" startTime="2025-06-28T20:42:21.7374062+02:00" endTime="2025-06-28T20:42:21.7374062+02:00" testType="13cdc9d9-ddb5-4fa4-a97d-d965ccfc6d4b" outcome="Passed" testListId="8c84fa94-04c1-424b-9868-57a2d4851a1d" relativeResultsDirectory="0cfd639b-911f-4711-94b1-5d515c88cee1" />
    <UnitTestResult executionId="530b8f97-9f0a-4a33-ad9b-196ad1889327" testId="34c5a546-74e1-325d-c977-ee5e6830da6a" testName="EasyWoWMacro.Tests.CommandValidatorTests.IsValidCommand_VariousValidCommands_ShouldReturnTrue(commandName: &quot;/petfollow&quot;)" computerName="PASCAL" duration="00:00:00.0000009" startTime="2025-06-28T20:42:21.7523587+02:00" endTime="2025-06-28T20:42:21.7523588+02:00" testType="13cdc9d9-ddb5-4fa4-a97d-d965ccfc6d4b" outcome="Passed" testListId="8c84fa94-04c1-424b-9868-57a2d4851a1d" relativeResultsDirectory="530b8f97-9f0a-4a33-ad9b-196ad1889327" />
    <UnitTestResult executionId="6fdcc270-2779-4d64-b5b2-aca5d72d19af" testId="78b6e98a-ab62-94d1-25b8-3298ad7a2087" testName="EasyWoWMacro.Tests.MacroParserTests.Parse_CommandWithSemicolonSeparatedArguments_ShouldParseCorrectly" computerName="PASCAL" duration="00:00:00.0001872" startTime="2025-06-28T20:42:21.7550101+02:00" endTime="2025-06-28T20:42:21.7550102+02:00" testType="13cdc9d9-ddb5-4fa4-a97d-d965ccfc6d4b" outcome="Passed" testListId="8c84fa94-04c1-424b-9868-57a2d4851a1d" relativeResultsDirectory="6fdcc270-2779-4d64-b5b2-aca5d72d19af" />
    <UnitTestResult executionId="a5e85c1a-c911-411b-8114-8fd69b9d53ae" testId="9e163a1d-d418-1281-c1c1-ba6ca9562798" testName="EasyWoWMacro.Tests.MacroParserTests.ValidateMacro_InvalidConditional_ShouldReturnError" computerName="PASCAL" duration="00:00:00.0039816" startTime="2025-06-28T20:42:21.7549735+02:00" endTime="2025-06-28T20:42:21.7549736+02:00" testType="13cdc9d9-ddb5-4fa4-a97d-d965ccfc6d4b" outcome="Passed" testListId="8c84fa94-04c1-424b-9868-57a2d4851a1d" relativeResultsDirectory="a5e85c1a-c911-411b-8114-8fd69b9d53ae" />
    <UnitTestResult executionId="4ceb07c5-8b69-4b68-a3d3-7365f3e7e576" testId="4937df9e-4497-1e8c-cf24-c0af0767d726" testName="EasyWoWMacro.Tests.ConditionalValidatorTests.IsValidCondition_InvalidConditionValue_ShouldReturnFalse" computerName="PASCAL" duration="00:00:00.0000439" startTime="2025-06-28T20:42:21.7546803+02:00" endTime="2025-06-28T20:42:21.7546804+02:00" testType="13cdc9d9-ddb5-4fa4-a97d-d965ccfc6d4b" outcome="Passed" testListId="8c84fa94-04c1-424b-9868-57a2d4851a1d" relativeResultsDirectory="4ceb07c5-8b69-4b68-a3d3-7365f3e7e576" />
    <UnitTestResult executionId="a9de28d4-6df2-400f-a845-aa423fe58323" testId="c7104428-2cdd-7733-48b6-2b4bc2c9b5ae" testName="EasyWoWMacro.Tests.CommandValidatorTests.ValidateCommandLine_ValidCommand_ShouldReturnNoErrors" computerName="PASCAL" duration="00:00:00.0002000" startTime="2025-06-28T20:42:21.7539372+02:00" endTime="2025-06-28T20:42:21.7539372+02:00" testType="13cdc9d9-ddb5-4fa4-a97d-d965ccfc6d4b" outcome="Passed" testListId="8c84fa94-04c1-424b-9868-57a2d4851a1d" relativeResultsDirectory="a9de28d4-6df2-400f-a845-aa423fe58323" />
    <UnitTestResult executionId="ecf80fff-ff8e-41f1-9d2d-ac9daff23a8c" testId="3c689df7-ebba-9fad-b4dd-189aa1b70c46" testName="EasyWoWMacro.Tests.CommandValidatorTests.IsValidCommand_VariousInvalidCommands_ShouldReturnFalse(commandName: &quot;&quot;)" computerName="PASCAL" duration="00:00:00.0001036" startTime="2025-06-28T20:42:21.7373893+02:00" endTime="2025-06-28T20:42:21.7373893+02:00" testType="13cdc9d9-ddb5-4fa4-a97d-d965ccfc6d4b" outcome="Passed" testListId="8c84fa94-04c1-424b-9868-57a2d4851a1d" relativeResultsDirectory="ecf80fff-ff8e-41f1-9d2d-ac9daff23a8c" />
    <UnitTestResult executionId="2a52e606-ac14-49ad-b804-b098e015b459" testId="763076cf-34da-a001-15ba-dfb4902a490e" testName="EasyWoWMacro.Tests.CommandValidatorTests.IsValidCommand_VariousValidCommands_ShouldReturnTrue(commandName: &quot;/cancelaura&quot;)" computerName="PASCAL" duration="00:00:00.0001085" startTime="2025-06-28T20:42:21.7522579+02:00" endTime="2025-06-28T20:42:21.7522580+02:00" testType="13cdc9d9-ddb5-4fa4-a97d-d965ccfc6d4b" outcome="Passed" testListId="8c84fa94-04c1-424b-9868-57a2d4851a1d" relativeResultsDirectory="2a52e606-ac14-49ad-b804-b098e015b459" />
    <UnitTestResult executionId="adb53fd9-17c3-4b02-88ef-d47294a03733" testId="61ec7924-e3bf-ccf9-6420-a1cd1f09f3b4" testName="EasyWoWMacro.Tests.MacroParserTests.ValidateMacro_InvalidDirective_ShouldReturnError" computerName="PASCAL" duration="00:00:00.0001798" startTime="2025-06-28T20:42:21.7549922+02:00" endTime="2025-06-28T20:42:21.7549923+02:00" testType="13cdc9d9-ddb5-4fa4-a97d-d965ccfc6d4b" outcome="Passed" testListId="8c84fa94-04c1-424b-9868-57a2d4851a1d" relativeResultsDirectory="adb53fd9-17c3-4b02-88ef-d47294a03733" />
    <UnitTestResult executionId="17da3074-e2ac-4747-91c3-5210581dd482" testId="e66910d8-ec28-84b2-d0dd-1e9b2f509b2b" testName="EasyWoWMacro.Tests.CommandValidatorTests.ValidateCommandLine_CommandWithMultipleArguments_ShouldReturnNoErrors" computerName="PASCAL" duration="00:00:00.0000680" startTime="2025-06-28T20:42:21.7546456+02:00" endTime="2025-06-28T20:42:21.7546456+02:00" testType="13cdc9d9-ddb5-4fa4-a97d-d965ccfc6d4b" outcome="Passed" testListId="8c84fa94-04c1-424b-9868-57a2d4851a1d" relativeResultsDirectory="17da3074-e2ac-4747-91c3-5210581dd482" />
    <UnitTestResult executionId="cf6879ac-8449-46e2-94f0-392162a09b6c" testId="545f1c42-654e-c087-32ef-00a76c0256fb" testName="EasyWoWMacro.Tests.CommandValidatorTests.GetValidCommands_ShouldReturnCommands" computerName="PASCAL" duration="00:00:00.0017689" startTime="2025-06-28T20:42:21.7539184+02:00" endTime="2025-06-28T20:42:21.7539184+02:00" testType="13cdc9d9-ddb5-4fa4-a97d-d965ccfc6d4b" outcome="Passed" testListId="8c84fa94-04c1-424b-9868-57a2d4851a1d" relativeResultsDirectory="cf6879ac-8449-46e2-94f0-392162a09b6c" />
    <UnitTestResult executionId="988ff147-0057-4047-8533-a6aaf706d520" testId="eead2606-6b79-9e86-1861-f01fd6954ec8" testName="EasyWoWMacro.Tests.ConditionalValidatorTests.IsValidCondition_VariousValidConditions_ShouldReturnTrue(key: &quot;equipped&quot;, value: &quot;weapon&quot;)" computerName="PASCAL" duration="00:00:00.0000004" startTime="2025-06-28T20:42:21.7536211+02:00" endTime="2025-06-28T20:42:21.7536212+02:00" testType="13cdc9d9-ddb5-4fa4-a97d-d965ccfc6d4b" outcome="Passed" testListId="8c84fa94-04c1-424b-9868-57a2d4851a1d" relativeResultsDirectory="988ff147-0057-4047-8533-a6aaf706d520" />
    <UnitTestResult executionId="196651ab-7adb-4ded-a94f-67a53110222d" testId="445aadbd-e752-4749-8848-c4fafa5937c6" testName="EasyWoWMacro.Tests.CommandValidatorTests.IsValidCommand_VariousValidCommands_ShouldReturnTrue(commandName: &quot;/cleartarget&quot;)" computerName="PASCAL" duration="00:00:00.0000006" startTime="2025-06-28T20:42:21.7533857+02:00" endTime="2025-06-28T20:42:21.7533858+02:00" testType="13cdc9d9-ddb5-4fa4-a97d-d965ccfc6d4b" outcome="Passed" testListId="8c84fa94-04c1-424b-9868-57a2d4851a1d" relativeResultsDirectory="196651ab-7adb-4ded-a94f-67a53110222d" />
    <UnitTestResult executionId="b7cd5180-0527-4e3a-b9f8-8ec94eb2591a" testId="c5b9e21a-e727-6fc9-3980-71a8dbf31651" testName="EasyWoWMacro.Tests.CommandValidatorTests.IsValidCommand_VariousValidCommands_ShouldReturnTrue(commandName: &quot;/petdefensive&quot;)" computerName="PASCAL" duration="00:00:00.0000004" startTime="2025-06-28T20:42:21.7532988+02:00" endTime="2025-06-28T20:42:21.7532989+02:00" testType="13cdc9d9-ddb5-4fa4-a97d-d965ccfc6d4b" outcome="Passed" testListId="8c84fa94-04c1-424b-9868-57a2d4851a1d" relativeResultsDirectory="b7cd5180-0527-4e3a-b9f8-8ec94eb2591a" />
    <UnitTestResult executionId="a1c7694a-c9c8-4997-91ce-2edc3d4851d3" testId="a14194e4-dc98-6042-717f-a038d6e783ee" testName="EasyWoWMacro.Tests.CommandValidatorTests.IsValidCommand_VariousValidCommands_ShouldReturnTrue(commandName: &quot;/focus&quot;)" computerName="PASCAL" duration="00:00:00.0000005" startTime="2025-06-28T20:42:21.7531136+02:00" endTime="2025-06-28T20:42:21.7531136+02:00" testType="13cdc9d9-ddb5-4fa4-a97d-d965ccfc6d4b" outcome="Passed" testListId="8c84fa94-04c1-424b-9868-57a2d4851a1d" relativeResultsDirectory="a1c7694a-c9c8-4997-91ce-2edc3d4851d3" />
    <UnitTestResult executionId="8561eb91-65cb-424d-9bcf-3dae7325fd5c" testId="74929fb6-5959-ec64-d86b-af9289fd531b" testName="EasyWoWMacro.Tests.CommandValidatorTests.IsValidCommand_VariousValidCommands_ShouldReturnTrue(commandName: &quot;/stopmacro&quot;)" computerName="PASCAL" duration="00:00:00.0000004" startTime="2025-06-28T20:42:21.7530922+02:00" endTime="2025-06-28T20:42:21.7530922+02:00" testType="13cdc9d9-ddb5-4fa4-a97d-d965ccfc6d4b" outcome="Passed" testListId="8c84fa94-04c1-424b-9868-57a2d4851a1d" relativeResultsDirectory="8561eb91-65cb-424d-9bcf-3dae7325fd5c" />
    <UnitTestResult executionId="65372d58-b711-4881-85e0-2c27d8682d0e" testId="058d08cc-a427-33e9-6ecc-e0a46a9f8778" testName="EasyWoWMacro.Tests.MacroParserTests.Parse_CommandWithMultipleBracketSets_ShouldParseCorrectly" computerName="PASCAL" duration="00:00:00.0002023" startTime="2025-06-28T20:42:21.7541732+02:00" endTime="2025-06-28T20:42:21.7541732+02:00" testType="13cdc9d9-ddb5-4fa4-a97d-d965ccfc6d4b" outcome="Passed" testListId="8c84fa94-04c1-424b-9868-57a2d4851a1d" relativeResultsDirectory="65372d58-b711-4881-85e0-2c27d8682d0e" />
    <UnitTestResult executionId="7d3b1efb-8079-40b0-ad7f-d97997e85e7b" testId="385487c1-d24b-5bcb-6706-2463b3493f73" testName="EasyWoWMacro.Tests.ConditionalValidatorTests.IsValidCondition_ValidCondition_ShouldReturnTrue" computerName="PASCAL" duration="00:00:00.0000597" startTime="2025-06-28T20:42:21.7545357+02:00" endTime="2025-06-28T20:42:21.7545358+02:00" testType="13cdc9d9-ddb5-4fa4-a97d-d965ccfc6d4b" outcome="Passed" testListId="8c84fa94-04c1-424b-9868-57a2d4851a1d" relativeResultsDirectory="7d3b1efb-8079-40b0-ad7f-d97997e85e7b" />
    <UnitTestResult executionId="a7d8ee11-3cbc-4393-99b2-8dc5eaedb14e" testId="8b8b5d92-0a98-b07a-144e-2239b23987fa" testName="EasyWoWMacro.Tests.MacroParserTests.Parse_CommandWithMultipleSemicolonsAndEmptyArguments_ShouldParseCorrectly" computerName="PASCAL" duration="00:00:00.0001068" startTime="2025-06-28T20:42:21.7542889+02:00" endTime="2025-06-28T20:42:21.7542890+02:00" testType="13cdc9d9-ddb5-4fa4-a97d-d965ccfc6d4b" outcome="Passed" testListId="8c84fa94-04c1-424b-9868-57a2d4851a1d" relativeResultsDirectory="a7d8ee11-3cbc-4393-99b2-8dc5eaedb14e" />
    <UnitTestResult executionId="3ef2b618-d27f-4e85-b183-77985a9a4d0c" testId="45421171-950f-eab2-3e31-abc72056ff93" testName="EasyWoWMacro.Tests.CommandValidatorTests.IsValidCommand_EmptyCommand_ShouldReturnFalse" computerName="PASCAL" duration="00:00:00.0000358" startTime="2025-06-28T20:42:21.7546158+02:00" endTime="2025-06-28T20:42:21.7546158+02:00" testType="13cdc9d9-ddb5-4fa4-a97d-d965ccfc6d4b" outcome="Passed" testListId="8c84fa94-04c1-424b-9868-57a2d4851a1d" relativeResultsDirectory="3ef2b618-d27f-4e85-b183-77985a9a4d0c" />
    <UnitTestResult executionId="b8dfb86a-6dd4-4eee-b10a-fd42e4f4dc01" testId="480afcf2-d935-bbe2-c70c-9947bf4681e3" testName="EasyWoWMacro.Tests.ConditionalValidatorTests.IsValidCondition_VariousValidConditions_ShouldReturnTrue(key: &quot;mod&quot;, value: &quot;alt&quot;)" computerName="PASCAL" duration="00:00:00.0000006" startTime="2025-06-28T20:42:21.7536583+02:00" endTime="2025-06-28T20:42:21.7536583+02:00" testType="13cdc9d9-ddb5-4fa4-a97d-d965ccfc6d4b" outcome="Passed" testListId="8c84fa94-04c1-424b-9868-57a2d4851a1d" relativeResultsDirectory="b8dfb86a-6dd4-4eee-b10a-fd42e4f4dc01" />
    <UnitTestResult executionId="36004a75-0612-4bf3-96ef-c238e0711bd9" testId="6b0ea6e4-bc72-9f3f-a965-a0cd081b2345" testName="EasyWoWMacro.Tests.CommandValidatorTests.IsValidCommand_VariousInvalidCommands_ShouldReturnFalse(commandName: &quot;invalidcommand&quot;)" computerName="PASCAL" duration="00:00:00.0000006" startTime="2025-06-28T20:42:21.7374395+02:00" endTime="2025-06-28T20:42:21.7374395+02:00" testType="13cdc9d9-ddb5-4fa4-a97d-d965ccfc6d4b" outcome="Passed" testListId="8c84fa94-04c1-424b-9868-57a2d4851a1d" relativeResultsDirectory="36004a75-0612-4bf3-96ef-c238e0711bd9" />
    <UnitTestResult executionId="19864f95-8906-42a7-8a75-d218668cbe12" testId="95fe2a33-fbe4-5303-6dae-a50e135d27ff" testName="EasyWoWMacro.Tests.CommandValidatorTests.IsValidCommand_VariousValidCommands_ShouldReturnTrue(commandName: &quot;/use&quot;)" computerName="PASCAL" duration="00:00:00.0000004" startTime="2025-06-28T20:42:21.7530102+02:00" endTime="2025-06-28T20:42:21.7530102+02:00" testType="13cdc9d9-ddb5-4fa4-a97d-d965ccfc6d4b" outcome="Passed" testListId="8c84fa94-04c1-424b-9868-57a2d4851a1d" relativeResultsDirectory="19864f95-8906-42a7-8a75-d218668cbe12" />
    <UnitTestResult executionId="d1200c30-a497-441f-b69c-d6a79a3a376d" testId="8cb1d424-0ce5-8364-7592-e8cc80b0a586" testName="EasyWoWMacro.Tests.CommandValidatorTests.IsValidCommand_VariousValidCommands_ShouldReturnTrue(commandName: &quot;/petpassive&quot;)" computerName="PASCAL" duration="00:00:00.0000005" startTime="2025-06-28T20:42:21.7536367+02:00" endTime="2025-06-28T20:42:21.7536367+02:00" testType="13cdc9d9-ddb5-4fa4-a97d-d965ccfc6d4b" outcome="Passed" testListId="8c84fa94-04c1-424b-9868-57a2d4851a1d" relativeResultsDirectory="d1200c30-a497-441f-b69c-d6a79a3a376d" />
    <UnitTestResult executionId="7b8c1537-8d95-401c-bab9-58c75f7406b6" testId="a581d8ea-4219-22cc-31e5-38c8c5d590e8" testName="EasyWoWMacro.Tests.CommandValidatorTests.IsValidCommand_VariousValidCommands_ShouldReturnTrue(commandName: &quot;/castsequence&quot;)" computerName="PASCAL" duration="00:00:00.0000647" startTime="2025-06-28T20:42:21.7522862+02:00" endTime="2025-06-28T20:42:21.7522862+02:00" testType="13cdc9d9-ddb5-4fa4-a97d-d965ccfc6d4b" outcome="Passed" testListId="8c84fa94-04c1-424b-9868-57a2d4851a1d" relativeResultsDirectory="7b8c1537-8d95-401c-bab9-58c75f7406b6" />
    <UnitTestResult executionId="32948ace-8b91-4a84-aa42-b0e9b4a760af" testId="aedbe9ba-0d33-86b5-973a-26d1b0215a20" testName="EasyWoWMacro.Tests.MacroParserTests.Parse_CommandWithItemIdAndConditionals_ShouldParseCorrectly" computerName="PASCAL" duration="00:00:00.0001362" startTime="2025-06-28T20:42:21.7553780+02:00" endTime="2025-06-28T20:42:21.7553780+02:00" testType="13cdc9d9-ddb5-4fa4-a97d-d965ccfc6d4b" outcome="Passed" testListId="8c84fa94-04c1-424b-9868-57a2d4851a1d" relativeResultsDirectory="32948ace-8b91-4a84-aa42-b0e9b4a760af" />
    <UnitTestResult executionId="e095ac35-aad7-46d5-a019-618abeab43ce" testId="57662b0a-4f29-522d-dbc5-9c35a52fc6d4" testName="EasyWoWMacro.Tests.MacroParserTests.Parse_CommandWithInvalidBracketPlacement_ShouldFailGracefully" computerName="PASCAL" duration="00:00:00.0001375" startTime="2025-06-28T20:42:21.7553078+02:00" endTime="2025-06-28T20:42:21.7553078+02:00" testType="13cdc9d9-ddb5-4fa4-a97d-d965ccfc6d4b" outcome="Passed" testListId="8c84fa94-04c1-424b-9868-57a2d4851a1d" relativeResultsDirectory="e095ac35-aad7-46d5-a019-618abeab43ce" />
    <UnitTestResult executionId="6f4459f1-687e-4c8b-b1f1-38b9b0865ba3" testId="3d8dd365-e5b6-ac7c-1bd2-c1727736b5f6" testName="EasyWoWMacro.Tests.MacroParserTests.Parse_CommandWithCommaSeparatedConditions_ShouldParseCorrectly" computerName="PASCAL" duration="00:00:00.0078478" startTime="2025-06-28T20:42:21.7539917+02:00" endTime="2025-06-28T20:42:21.7539917+02:00" testType="13cdc9d9-ddb5-4fa4-a97d-d965ccfc6d4b" outcome="Passed" testListId="8c84fa94-04c1-424b-9868-57a2d4851a1d" relativeResultsDirectory="6f4459f1-687e-4c8b-b1f1-38b9b0865ba3" />
    <UnitTestResult executionId="4b2e6ab7-ed51-4193-9778-5d7650820a26" testId="c4b6793d-5a16-8eb6-89e1-4e713c8083a1" testName="EasyWoWMacro.Tests.ConditionalValidatorTests.IsValidCondition_VariousValidConditions_ShouldReturnTrue(key: &quot;stance&quot;, value: &quot;1&quot;)" computerName="PASCAL" duration="00:00:00.0000906" startTime="2025-06-28T20:42:21.7531003+02:00" endTime="2025-06-28T20:42:21.7531003+02:00" testType="13cdc9d9-ddb5-4fa4-a97d-d965ccfc6d4b" outcome="Passed" testListId="8c84fa94-04c1-424b-9868-57a2d4851a1d" relativeResultsDirectory="4b2e6ab7-ed51-4193-9778-5d7650820a26" />
    <UnitTestResult executionId="87cadff3-48a3-4435-a3bb-ef6a4206eb9d" testId="9bbc6716-5132-253f-c8b9-9737a5852abf" testName="EasyWoWMacro.Tests.MacroParserTests.Parse_CommandWithNestedBracketsAndSemicolons_ShouldParseCorrectly" computerName="PASCAL" duration="00:00:00.0001016" startTime="2025-06-28T20:42:21.7553348+02:00" endTime="2025-06-28T20:42:21.7553348+02:00" testType="13cdc9d9-ddb5-4fa4-a97d-d965ccfc6d4b" outcome="Passed" testListId="8c84fa94-04c1-424b-9868-57a2d4851a1d" relativeResultsDirectory="87cadff3-48a3-4435-a3bb-ef6a4206eb9d" />
    <UnitTestResult executionId="5c7b1625-4ddb-4e61-a35a-0321e81e9131" testId="50fa2be9-cdea-a261-4a75-60680699c8cd" testName="EasyWoWMacro.Tests.ConditionalValidatorTests.IsValidCondition_InvalidCondition_ShouldReturnFalse" computerName="PASCAL" duration="00:00:00.0037847" startTime="2025-06-28T20:42:21.7368215+02:00" endTime="2025-06-28T20:42:21.7368216+02:00" testType="13cdc9d9-ddb5-4fa4-a97d-d965ccfc6d4b" outcome="Passed" testListId="8c84fa94-04c1-424b-9868-57a2d4851a1d" relativeResultsDirectory="5c7b1625-4ddb-4e61-a35a-0321e81e9131" />
    <UnitTestResult executionId="87a92a28-674e-4a8f-8132-005b26d88cab" testId="752bb6e3-fe12-9496-5010-6e2884c9d31d" testName="EasyWoWMacro.Tests.CommandValidatorTests.ValidateCommandLine_InvalidCommand_ShouldReturnErrors" computerName="PASCAL" duration="00:00:00.0040298" startTime="2025-06-28T20:42:21.7545095+02:00" endTime="2025-06-28T20:42:21.7545095+02:00" testType="13cdc9d9-ddb5-4fa4-a97d-d965ccfc6d4b" outcome="Passed" testListId="8c84fa94-04c1-424b-9868-57a2d4851a1d" relativeResultsDirectory="87a92a28-674e-4a8f-8132-005b26d88cab" />
    <UnitTestResult executionId="82336a82-8864-4b0a-8e55-2f6cf3679dd4" testId="3b304162-581a-5292-1f69-c4510378a939" testName="EasyWoWMacro.Tests.MacroParserTests.ValidateMacro_InvalidCommandAndConditional_ShouldReturnMultipleErrors" computerName="PASCAL" duration="00:00:00.0000954" startTime="2025-06-28T20:42:21.7553951+02:00" endTime="2025-06-28T20:42:21.7553952+02:00" testType="13cdc9d9-ddb5-4fa4-a97d-d965ccfc6d4b" outcome="Passed" testListId="8c84fa94-04c1-424b-9868-57a2d4851a1d" relativeResultsDirectory="82336a82-8864-4b0a-8e55-2f6cf3679dd4" />
    <UnitTestResult executionId="98f49816-efe5-4211-94ec-1638fb8a1c64" testId="8e0cc53f-7a01-125e-620f-5c8c79fa76c5" testName="EasyWoWMacro.Tests.MacroParserTests.Parse_CommandWithCastSequenceAndComplexConditionals_ShouldParseCorrectly" computerName="PASCAL" duration="00:00:00.0002162" startTime="2025-06-28T20:42:21.7542343+02:00" endTime="2025-06-28T20:42:21.7542343+02:00" testType="13cdc9d9-ddb5-4fa4-a97d-d965ccfc6d4b" outcome="Passed" testListId="8c84fa94-04c1-424b-9868-57a2d4851a1d" relativeResultsDirectory="98f49816-efe5-4211-94ec-1638fb8a1c64" />
    <UnitTestResult executionId="a5dd3738-6964-4a88-b0e3-a2703414cd2d" testId="d95dbbeb-25f0-612e-a017-8ff4e285aee8" testName="EasyWoWMacro.Tests.CommandValidatorTests.IsValidCommand_VariousValidCommands_ShouldReturnTrue(commandName: &quot;/target&quot;)" computerName="PASCAL" duration="00:00:00.0000026" startTime="2025-06-28T20:42:21.7523087+02:00" endTime="2025-06-28T20:42:21.7523087+02:00" testType="13cdc9d9-ddb5-4fa4-a97d-d965ccfc6d4b" outcome="Passed" testListId="8c84fa94-04c1-424b-9868-57a2d4851a1d" relativeResultsDirectory="a5dd3738-6964-4a88-b0e3-a2703414cd2d" />
    <UnitTestResult executionId="3b148863-904c-46de-8b87-8df9300adaf2" testId="29a0b6b4-2b2c-18b8-c8e2-fce86a53fb68" testName="EasyWoWMacro.Tests.CommandValidatorTests.IsValidCommand_VariousValidCommands_ShouldReturnTrue(commandName: &quot;/assist&quot;)" computerName="PASCAL" duration="00:00:00.0000005" startTime="2025-06-28T20:42:21.7530774+02:00" endTime="2025-06-28T20:42:21.7530774+02:00" testType="13cdc9d9-ddb5-4fa4-a97d-d965ccfc6d4b" outcome="Passed" testListId="8c84fa94-04c1-424b-9868-57a2d4851a1d" relativeResultsDirectory="3b148863-904c-46de-8b87-8df9300adaf2" />
    <UnitTestResult executionId="77e3ee64-9ddc-416a-b549-13be3d8a41cd" testId="cc20e584-5f67-aafd-1e1d-87dbb1c812f6" testName="EasyWoWMacro.Tests.MacroParserTests.ValidateMacro_InvalidCommand_ShouldReturnError" computerName="PASCAL" duration="00:00:00.0000688" startTime="2025-06-28T20:42:21.7552767+02:00" endTime="2025-06-28T20:42:21.7552767+02:00" testType="13cdc9d9-ddb5-4fa4-a97d-d965ccfc6d4b" outcome="Passed" testListId="8c84fa94-04c1-424b-9868-57a2d4851a1d" relativeResultsDirectory="77e3ee64-9ddc-416a-b549-13be3d8a41cd" />
    <UnitTestResult executionId="e4b76539-4fc5-455a-a8f2-0e6b0d9e9af6" testId="1986e538-7808-f237-3cbf-2c88742786ad" testName="EasyWoWMacro.Tests.ConditionalValidatorTests.ValidateConditionSet_InvalidSet_ShouldReturnErrors" computerName="PASCAL" duration="00:00:00.0049577" startTime="2025-06-28T20:42:21.7543108+02:00" endTime="2025-06-28T20:42:21.7543108+02:00" testType="13cdc9d9-ddb5-4fa4-a97d-d965ccfc6d4b" outcome="Passed" testListId="8c84fa94-04c1-424b-9868-57a2d4851a1d" relativeResultsDirectory="e4b76539-4fc5-455a-a8f2-0e6b0d9e9af6" />
    <UnitTestResult executionId="0a145399-99a7-4abc-be60-5ed231ae80d4" testId="fd001e86-7bae-6508-d03e-ba4137ee6252" testName="EasyWoWMacro.Tests.MacroParserTests.ValidateMacro_MalformedConditional_ShouldReturnError" computerName="PASCAL" duration="00:00:00.0011867" startTime="2025-06-28T20:42:21.7542085+02:00" endTime="2025-06-28T20:42:21.7542085+02:00" testType="13cdc9d9-ddb5-4fa4-a97d-d965ccfc6d4b" outcome="Passed" testListId="8c84fa94-04c1-424b-9868-57a2d4851a1d" relativeResultsDirectory="0a145399-99a7-4abc-be60-5ed231ae80d4" />
    <UnitTestResult executionId="fd2e3a40-96ec-4f07-beaa-ed87f463944c" testId="a2ab8bb5-6f0f-718c-206e-4d805120e845" testName="EasyWoWMacro.Tests.MacroParserTests.ValidateMacro_ValidMacro_ShouldReturnNoErrors" computerName="PASCAL" duration="00:00:00.0000618" startTime="2025-06-28T20:42:21.7554125+02:00" endTime="2025-06-28T20:42:21.7554125+02:00" testType="13cdc9d9-ddb5-4fa4-a97d-d965ccfc6d4b" outcome="Passed" testListId="8c84fa94-04c1-424b-9868-57a2d4851a1d" relativeResultsDirectory="fd2e3a40-96ec-4f07-beaa-ed87f463944c" />
    <UnitTestResult executionId="df0ce9fa-9a1c-4af6-888c-3103d2b8cfd7" testId="5b876ef7-ac81-61d8-daa1-879f15b4f480" testName="EasyWoWMacro.Tests.ConditionalValidatorTests.IsValidCondition_VariousValidConditions_ShouldReturnTrue(key: &quot;equipped&quot;, value: &quot;2h&quot;)" computerName="PASCAL" duration="00:00:00.0000005" startTime="2025-06-28T20:42:21.7535943+02:00" endTime="2025-06-28T20:42:21.7535943+02:00" testType="13cdc9d9-ddb5-4fa4-a97d-d965ccfc6d4b" outcome="Passed" testListId="8c84fa94-04c1-424b-9868-57a2d4851a1d" relativeResultsDirectory="df0ce9fa-9a1c-4af6-888c-3103d2b8cfd7" />
    <UnitTestResult executionId="92d9ae6b-3797-458e-b1a1-4ff48f757172" testId="a4018bfb-5246-5931-d84b-6f85ffddac72" testName="EasyWoWMacro.Tests.MacroParserTests.Debug_ComplexNestedConditional_ShouldShowParserOutput" computerName="PASCAL" duration="00:00:00.0011203" startTime="2025-06-28T20:42:21.7553612+02:00" endTime="2025-06-28T20:42:21.7553612+02:00" testType="13cdc9d9-ddb5-4fa4-a97d-d965ccfc6d4b" outcome="Passed" testListId="8c84fa94-04c1-424b-9868-57a2d4851a1d" relativeResultsDirectory="92d9ae6b-3797-458e-b1a1-4ff48f757172" />
    <UnitTestResult executionId="ae0aafd6-f2a3-4b83-98da-c298f3cfc76c" testId="a0dea182-b39c-3e52-b685-1b669cb6c34e" testName="EasyWoWMacro.Tests.MacroParserTests.Parse_CommandWithMultipleComplexConditionals_ShouldParseCorrectly" computerName="PASCAL" duration="00:00:00.0003781" startTime="2025-06-28T20:42:21.7550933+02:00" endTime="2025-06-28T20:42:21.7550933+02:00" testType="13cdc9d9-ddb5-4fa4-a97d-d965ccfc6d4b" outcome="Passed" testListId="8c84fa94-04c1-424b-9868-57a2d4851a1d" relativeResultsDirectory="ae0aafd6-f2a3-4b83-98da-c298f3cfc76c" />
    <UnitTestResult executionId="41973c74-628c-4375-a919-b67b53ab0e58" testId="91776f49-d6f0-4067-5742-ea19cce02991" testName="EasyWoWMacro.Tests.CommandValidatorTests.IsValidCommand_VariousValidCommands_ShouldReturnTrue(commandName: &quot;/petaggressive&quot;)" computerName="PASCAL" duration="00:00:00.0000008" startTime="2025-06-28T20:42:21.7523217+02:00" endTime="2025-06-28T20:42:21.7523218+02:00" testType="13cdc9d9-ddb5-4fa4-a97d-d965ccfc6d4b" outcome="Passed" testListId="8c84fa94-04c1-424b-9868-57a2d4851a1d" relativeResultsDirectory="41973c74-628c-4375-a919-b67b53ab0e58" />
    <UnitTestResult executionId="291601b8-4bfb-42a8-bf56-6917c21047d1" testId="9c418c9c-3c36-f34d-c0de-51d686aa993d" testName="EasyWoWMacro.Tests.CommandValidatorTests.IsValidCommand_VariousValidCommands_ShouldReturnTrue(commandName: &quot;/cancelform&quot;)" computerName="PASCAL" duration="00:00:00.0000005" startTime="2025-06-28T20:42:21.7536016+02:00" endTime="2025-06-28T20:42:21.7536017+02:00" testType="13cdc9d9-ddb5-4fa4-a97d-d965ccfc6d4b" outcome="Passed" testListId="8c84fa94-04c1-424b-9868-57a2d4851a1d" relativeResultsDirectory="291601b8-4bfb-42a8-bf56-6917c21047d1" />
    <UnitTestResult executionId="3daea972-2b52-49c1-aecf-76a9b9f92599" testId="c4600219-3512-aee4-77dd-63c2e4c09509" testName="EasyWoWMacro.Tests.MacroParserTests.Parse_CommandWithSingleConditional_ShouldParseCorrectly" computerName="PASCAL" duration="00:00:00.0002011" startTime="2025-06-28T20:42:21.7541581+02:00" endTime="2025-06-28T20:42:21.7541582+02:00" testType="13cdc9d9-ddb5-4fa4-a97d-d965ccfc6d4b" outcome="Passed" testListId="8c84fa94-04c1-424b-9868-57a2d4851a1d" relativeResultsDirectory="3daea972-2b52-49c1-aecf-76a9b9f92599" />
    <UnitTestResult executionId="c4a78f43-35ae-41fe-9822-98d0839c7ecb" testId="fb9018d3-a333-5d29-27d1-94a8951675a2" testName="EasyWoWMacro.Tests.ConditionalValidatorTests.IsValidCondition_VariousValidConditions_ShouldReturnTrue(key: &quot;form&quot;, value: &quot;bear&quot;)" computerName="PASCAL" duration="00:00:00.0000006" startTime="2025-06-28T20:42:21.7533761+02:00" endTime="2025-06-28T20:42:21.7533761+02:00" testType="13cdc9d9-ddb5-4fa4-a97d-d965ccfc6d4b" outcome="Passed" testListId="8c84fa94-04c1-424b-9868-57a2d4851a1d" relativeResultsDirectory="c4a78f43-35ae-41fe-9822-98d0839c7ecb" />
    <UnitTestResult executionId="437ed34e-2bd8-46e8-bad7-afd4c983b0b1" testId="65e9ef6b-fc3a-a17f-0ec4-052267f3c683" testName="EasyWoWMacro.Tests.CommandValidatorTests.IsValidCommand_VariousValidCommands_ShouldReturnTrue(commandName: &quot;/cast&quot;)" computerName="PASCAL" duration="00:00:00.0000005" startTime="2025-06-28T20:42:21.7530623+02:00" endTime="2025-06-28T20:42:21.7530623+02:00" testType="13cdc9d9-ddb5-4fa4-a97d-d965ccfc6d4b" outcome="Passed" testListId="8c84fa94-04c1-424b-9868-57a2d4851a1d" relativeResultsDirectory="437ed34e-2bd8-46e8-bad7-afd4c983b0b1" />
    <UnitTestResult executionId="ab61a768-2496-433e-9e2e-41e0a85bce38" testId="4a7b4952-56a0-2320-3948-82c30b1435c2" testName="EasyWoWMacro.Tests.ConditionalValidatorTests.IsValidCondition_VariousInvalidConditions_ShouldReturnFalse(key: &quot;form&quot;, value: &quot;invalidform&quot;)" computerName="PASCAL" duration="00:00:00.0000709" startTime="2025-06-28T20:42:21.7537094+02:00" endTime="2025-06-28T20:42:21.7537094+02:00" testType="13cdc9d9-ddb5-4fa4-a97d-d965ccfc6d4b" outcome="Passed" testListId="8c84fa94-04c1-424b-9868-57a2d4851a1d" relativeResultsDirectory="ab61a768-2496-433e-9e2e-41e0a85bce38" />
    <UnitTestResult executionId="6edd60e4-6e16-49eb-9eb2-0d261607afde" testId="d80bb102-eda3-49fb-2e19-a3fc7671e0f8" testName="EasyWoWMacro.Tests.CommandValidatorTests.IsValidCommand_VariousValidCommands_ShouldReturnTrue(commandName: &quot;/equip&quot;)" computerName="PASCAL" duration="00:00:00.0000007" startTime="2025-06-28T20:42:21.7533255+02:00" endTime="2025-06-28T20:42:21.7533255+02:00" testType="13cdc9d9-ddb5-4fa4-a97d-d965ccfc6d4b" outcome="Passed" testListId="8c84fa94-04c1-424b-9868-57a2d4851a1d" relativeResultsDirectory="6edd60e4-6e16-49eb-9eb2-0d261607afde" />
    <UnitTestResult executionId="e3967bf1-ba40-49cf-bf68-5ae66a5ad492" testId="2d86934e-6ed8-324d-ae21-df98eb7b6957" testName="EasyWoWMacro.Tests.CommandValidatorTests.IsValidCommand_InvalidCommand_ShouldReturnFalse" computerName="PASCAL" duration="00:00:00.0000342" startTime="2025-06-28T20:42:21.7539765+02:00" endTime="2025-06-28T20:42:21.7539766+02:00" testType="13cdc9d9-ddb5-4fa4-a97d-d965ccfc6d4b" outcome="Passed" testListId="8c84fa94-04c1-424b-9868-57a2d4851a1d" relativeResultsDirectory="e3967bf1-ba40-49cf-bf68-5ae66a5ad492" />
    <UnitTestResult executionId="c16b64be-0617-484c-aecb-eb6b5871aa6f" testId="0d7ca502-56a3-2b40-6ab1-4661a3efa7a2" testName="EasyWoWMacro.Tests.CommandValidatorTests.IsValidCommand_VariousValidCommands_ShouldReturnTrue(commandName: &quot;/equipslot&quot;)" computerName="PASCAL" duration="00:00:00.0000006" startTime="2025-06-28T20:42:21.7523406+02:00" endTime="2025-06-28T20:42:21.7523406+02:00" testType="13cdc9d9-ddb5-4fa4-a97d-d965ccfc6d4b" outcome="Passed" testListId="8c84fa94-04c1-424b-9868-57a2d4851a1d" relativeResultsDirectory="c16b64be-0617-484c-aecb-eb6b5871aa6f" />
    <UnitTestResult executionId="d45fbd7f-d065-4a2e-8fb9-dcc4e9390473" testId="7f43e22a-cece-2041-87cc-40bb704b16b7" testName="EasyWoWMacro.Tests.CommandValidatorTests.ValidateCommandLine_CommandWithNoArguments_ShouldReturnNoErrors" computerName="PASCAL" duration="00:00:00.0000682" startTime="2025-06-28T20:42:21.7545675+02:00" endTime="2025-06-28T20:42:21.7545676+02:00" testType="13cdc9d9-ddb5-4fa4-a97d-d965ccfc6d4b" outcome="Passed" testListId="8c84fa94-04c1-424b-9868-57a2d4851a1d" relativeResultsDirectory="d45fbd7f-d065-4a2e-8fb9-dcc4e9390473" />
    <UnitTestResult executionId="daf14913-6ccf-4939-b97c-24bd628f8449" testId="24d024f8-70d8-a8d5-9e1b-835d9699de9b" testName="EasyWoWMacro.Tests.MacroParserTests.Parse_CommandWithMultipleCommandsPerLine_ShouldParseAsSingleCommand" computerName="PASCAL" duration="00:00:00.0000936" startTime="2025-06-28T20:42:21.7550448+02:00" endTime="2025-06-28T20:42:21.7550448+02:00" testType="13cdc9d9-ddb5-4fa4-a97d-d965ccfc6d4b" outcome="Passed" testListId="8c84fa94-04c1-424b-9868-57a2d4851a1d" relativeResultsDirectory="daf14913-6ccf-4939-b97c-24bd628f8449" />
    <UnitTestResult executionId="c18e05b7-1f17-4f4c-8365-11328b58fccc" testId="2d6ef372-627f-84cc-36e6-006c36b5f897" testName="EasyWoWMacro.Tests.ConditionalValidatorTests.ValidateConditional_ValidConditional_ShouldReturnNoErrors" computerName="PASCAL" duration="00:00:00.0008861" startTime="2025-06-28T20:42:21.7539031+02:00" endTime="2025-06-28T20:42:21.7539032+02:00" testType="13cdc9d9-ddb5-4fa4-a97d-d965ccfc6d4b" outcome="Passed" testListId="8c84fa94-04c1-424b-9868-57a2d4851a1d" relativeResultsDirectory="c18e05b7-1f17-4f4c-8365-11328b58fccc" />
    <UnitTestResult executionId="e38883cd-b3b0-4906-81fd-dc1764a3135f" testId="513d752f-4b39-bd46-466b-a6adfe1c71b7" testName="EasyWoWMacro.Tests.MacroParserTests.Parse_ComplexMacro_ShouldParseCorrectly" computerName="PASCAL" duration="00:00:00.0002521" startTime="2025-06-28T20:42:21.7550766+02:00" endTime="2025-06-28T20:42:21.7550766+02:00" testType="13cdc9d9-ddb5-4fa4-a97d-d965ccfc6d4b" outcome="Passed" testListId="8c84fa94-04c1-424b-9868-57a2d4851a1d" relativeResultsDirectory="e38883cd-b3b0-4906-81fd-dc1764a3135f" />
    <UnitTestResult executionId="c94bf9e5-fe7c-4b75-ae7e-7f0b996c8644" testId="29a444a3-dfcc-e259-0a66-ac233ba3a042" testName="EasyWoWMacro.Tests.ConditionalValidatorTests.GetValidValuesForKey_InvalidKey_ShouldReturnEmpty" computerName="PASCAL" duration="00:00:00.0000504" startTime="2025-06-28T20:42:21.7549365+02:00" endTime="2025-06-28T20:42:21.7549365+02:00" testType="13cdc9d9-ddb5-4fa4-a97d-d965ccfc6d4b" outcome="Passed" testListId="8c84fa94-04c1-424b-9868-57a2d4851a1d" relativeResultsDirectory="c94bf9e5-fe7c-4b75-ae7e-7f0b996c8644" />
    <UnitTestResult executionId="26b1dc26-b02d-453f-ac71-d917a1acd73f" testId="4298cd32-da01-db6b-336d-ee6ae60a1640" testName="EasyWoWMacro.Tests.ConditionalValidatorTests.IsValidCondition_VariousInvalidConditions_ShouldReturnFalse(key: &quot;stance&quot;, value: &quot;7&quot;)" computerName="PASCAL" duration="00:00:00.0000408" startTime="2025-06-28T20:42:21.7536949+02:00" endTime="2025-06-28T20:42:21.7536949+02:00" testType="13cdc9d9-ddb5-4fa4-a97d-d965ccfc6d4b" outcome="Passed" testListId="8c84fa94-04c1-424b-9868-57a2d4851a1d" relativeResultsDirectory="26b1dc26-b02d-453f-ac71-d917a1acd73f" />
    <UnitTestResult executionId="0709528d-d6e6-4e4e-b081-e9281bb9c7fd" testId="6a2f7f86-3364-2dc0-ddd0-0ff65b2931e9" testName="EasyWoWMacro.Tests.ConditionalValidatorTests.IsValidCondition_ValidConditionWithValue_ShouldReturnTrue" computerName="PASCAL" duration="00:00:00.0000488" startTime="2025-06-28T20:42:21.7536789+02:00" endTime="2025-06-28T20:42:21.7536790+02:00" testType="13cdc9d9-ddb5-4fa4-a97d-d965ccfc6d4b" outcome="Passed" testListId="8c84fa94-04c1-424b-9868-57a2d4851a1d" relativeResultsDirectory="0709528d-d6e6-4e4e-b081-e9281bb9c7fd" />
    <UnitTestResult executionId="7c699e3c-60f3-4b55-b1b0-33796b6dc315" testId="eee677df-7418-ea62-3400-d1d6920ece86" testName="EasyWoWMacro.Tests.CommandValidatorTests.IsValidCommand_VariousInvalidCommands_ShouldReturnFalse(commandName: &quot;Cast&quot;)" computerName="PASCAL" duration="00:00:00.0000015" startTime="2025-06-28T20:42:21.7374188+02:00" endTime="2025-06-28T20:42:21.7374188+02:00" testType="13cdc9d9-ddb5-4fa4-a97d-d965ccfc6d4b" outcome="Passed" testListId="8c84fa94-04c1-424b-9868-57a2d4851a1d" relativeResultsDirectory="7c699e3c-60f3-4b55-b1b0-33796b6dc315" />
    <UnitTestResult executionId="22ee77ba-c52b-4d71-839d-07e902ae169a" testId="3dcf6792-4030-10e5-206c-ac5d7fd1dfa5" testName="EasyWoWMacro.Tests.MacroParserTests.Parse_CommandWithWhitespaceAndTabs_ShouldParseCorrectly" computerName="PASCAL" duration="00:00:00.0000922" startTime="2025-06-28T20:42:21.7550597+02:00" endTime="2025-06-28T20:42:21.7550598+02:00" testType="13cdc9d9-ddb5-4fa4-a97d-d965ccfc6d4b" outcome="Passed" testListId="8c84fa94-04c1-424b-9868-57a2d4851a1d" relativeResultsDirectory="22ee77ba-c52b-4d71-839d-07e902ae169a" />
    <UnitTestResult executionId="22522cd8-8121-41a8-a655-295b4ff114a5" testId="e674b907-1375-f6bb-7cc8-611072e39a4b" testName="EasyWoWMacro.Tests.ConditionalValidatorTests.GetValidValuesForKey_ValidKey_ShouldReturnValues" computerName="PASCAL" duration="00:00:00.0001278" startTime="2025-06-28T20:42:21.7546577+02:00" endTime="2025-06-28T20:42:21.7546577+02:00" testType="13cdc9d9-ddb5-4fa4-a97d-d965ccfc6d4b" outcome="Passed" testListId="8c84fa94-04c1-424b-9868-57a2d4851a1d" relativeResultsDirectory="22522cd8-8121-41a8-a655-295b4ff114a5" />
    <UnitTestResult executionId="03ddb5e4-d2e4-47cf-948b-4110c35030fa" testId="cc903088-8bbe-d49d-45bd-29aaf5f273cd" testName="EasyWoWMacro.Tests.ConditionalValidatorTests.IsValidCondition_VariousValidConditions_ShouldReturnTrue(key: &quot;stance&quot;, value: &quot;6&quot;)" computerName="PASCAL" duration="00:00:00.0000007" startTime="2025-06-28T20:42:21.7533470+02:00" endTime="2025-06-28T20:42:21.7533470+02:00" testType="13cdc9d9-ddb5-4fa4-a97d-d965ccfc6d4b" outcome="Passed" testListId="8c84fa94-04c1-424b-9868-57a2d4851a1d" relativeResultsDirectory="03ddb5e4-d2e4-47cf-948b-4110c35030fa" />
    <UnitTestResult executionId="04b1f04f-1347-4860-b304-bd8bb2306bb7" testId="092340ef-312e-17ef-2495-da1023a93b0f" testName="EasyWoWMacro.Tests.CommandValidatorTests.IsValidCommand_VariousInvalidCommands_ShouldReturnFalse(commandName: &quot;castinvalid&quot;)" computerName="PASCAL" duration="00:00:00.0027302" startTime="2025-06-28T20:42:21.7356164+02:00" endTime="2025-06-28T20:42:21.7356263+02:00" testType="13cdc9d9-ddb5-4fa4-a97d-d965ccfc6d4b" outcome="Passed" testListId="8c84fa94-04c1-424b-9868-57a2d4851a1d" relativeResultsDirectory="04b1f04f-1347-4860-b304-bd8bb2306bb7" />
    <UnitTestResult executionId="b010eed9-08f1-4db4-8694-908d4060cf50" testId="020fabdf-1b5b-33df-5862-87cb0ac689ab" testName="EasyWoWMacro.Tests.ConditionalValidatorTests.ValidateConditionSet_ValidSet_ShouldReturnNoErrors" computerName="PASCAL" duration="00:00:00.0000712" startTime="2025-06-28T20:42:21.7545870+02:00" endTime="2025-06-28T20:42:21.7545871+02:00" testType="13cdc9d9-ddb5-4fa4-a97d-d965ccfc6d4b" outcome="Passed" testListId="8c84fa94-04c1-424b-9868-57a2d4851a1d" relativeResultsDirectory="b010eed9-08f1-4db4-8694-908d4060cf50" />
    <UnitTestResult executionId="013cb7e0-a689-48d7-9724-8a1241c0e64a" testId="be78f624-318d-8ef8-92fd-29520e0e3df5" testName="EasyWoWMacro.Tests.ConditionalValidatorTests.GetValidConditionalKeys_ShouldReturnKeys" computerName="PASCAL" duration="00:00:00.0001240" startTime="2025-06-28T20:42:21.7547010+02:00" endTime="2025-06-28T20:42:21.7547010+02:00" testType="13cdc9d9-ddb5-4fa4-a97d-d965ccfc6d4b" outcome="Passed" testListId="8c84fa94-04c1-424b-9868-57a2d4851a1d" relativeResultsDirectory="013cb7e0-a689-48d7-9724-8a1241c0e64a" />
    <UnitTestResult executionId="ad057543-9281-4e57-8fcb-12e8412ff6df" testId="692d2b01-15cc-4103-702d-785f50bf9a17" testName="EasyWoWMacro.Tests.ConditionalValidatorTests.IsValidCondition_EmptyKey_ShouldReturnFalse" computerName="PASCAL" duration="00:00:00.0000802" startTime="2025-06-28T20:42:21.7521511+02:00" endTime="2025-06-28T20:42:21.7521511+02:00" testType="13cdc9d9-ddb5-4fa4-a97d-d965ccfc6d4b" outcome="Passed" testListId="8c84fa94-04c1-424b-9868-57a2d4851a1d" relativeResultsDirectory="ad057543-9281-4e57-8fcb-12e8412ff6df" />
    <UnitTestResult executionId="87f0d6fa-9568-4aae-b135-e20abe896b5a" testId="a57e3b59-d8c9-376f-e73d-c5bc0e43361b" testName="EasyWoWMacro.Tests.ConditionalValidatorTests.IsValidCondition_VariousInvalidConditions_ShouldReturnFalse(key: &quot;mod&quot;, value: &quot;invalid&quot;)" computerName="PASCAL" duration="00:00:00.0000007" startTime="2025-06-28T20:42:21.7538844+02:00" endTime="2025-06-28T20:42:21.7538844+02:00" testType="13cdc9d9-ddb5-4fa4-a97d-d965ccfc6d4b" outcome="Passed" testListId="8c84fa94-04c1-424b-9868-57a2d4851a1d" relativeResultsDirectory="87f0d6fa-9568-4aae-b135-e20abe896b5a" />
    <UnitTestResult executionId="1e9445fe-6fd8-4519-9ebc-401d8c77c708" testId="5726d9d1-9b37-ad53-824d-cfb401dab2f0" testName="EasyWoWMacro.Tests.MacroParserTests.ValidateMacro_UnclosedBracket_ShouldReturnError" computerName="PASCAL" duration="00:00:00.0005236" startTime="2025-06-28T20:42:21.7550277+02:00" endTime="2025-06-28T20:42:21.7550277+02:00" testType="13cdc9d9-ddb5-4fa4-a97d-d965ccfc6d4b" outcome="Passed" testListId="8c84fa94-04c1-424b-9868-57a2d4851a1d" relativeResultsDirectory="1e9445fe-6fd8-4519-9ebc-401d8c77c708" />
    <UnitTestResult executionId="4dae19bc-6c08-481e-be89-4e0bc8b9becc" testId="cb61b1a3-0b6a-1d59-55db-8a8a867ca809" testName="EasyWoWMacro.Tests.CommandValidatorTests.IsValidCommand_VariousInvalidCommands_ShouldReturnFalse(commandName: &quot;CAST&quot;)" computerName="PASCAL" duration="00:00:00.0000005" startTime="2025-06-28T20:42:21.7374547+02:00" endTime="2025-06-28T20:42:21.7374547+02:00" testType="13cdc9d9-ddb5-4fa4-a97d-d965ccfc6d4b" outcome="Passed" testListId="8c84fa94-04c1-424b-9868-57a2d4851a1d" relativeResultsDirectory="4dae19bc-6c08-481e-be89-4e0bc8b9becc" />
    <UnitTestResult executionId="89530e58-a3e5-484b-a9ba-a8cc7519094b" testId="cce185db-0ab7-fdc0-4061-e0800220feb2" testName="EasyWoWMacro.Tests.CommandValidatorTests.IsValidCommand_VariousValidCommands_ShouldReturnTrue(commandName: &quot;/petstay&quot;)" computerName="PASCAL" duration="00:00:00.0000006" startTime="2025-06-28T20:42:21.7530466+02:00" endTime="2025-06-28T20:42:21.7530467+02:00" testType="13cdc9d9-ddb5-4fa4-a97d-d965ccfc6d4b" outcome="Passed" testListId="8c84fa94-04c1-424b-9868-57a2d4851a1d" relativeResultsDirectory="89530e58-a3e5-484b-a9ba-a8cc7519094b" />
    <UnitTestResult executionId="b989143d-673f-4b8a-9332-75a7291854b3" testId="6dcc06e5-59ac-6574-8648-49e6d1a470cc" testName="EasyWoWMacro.Tests.ConditionalValidatorTests.IsValidCondition_VariousValidConditions_ShouldReturnTrue(key: &quot;mod&quot;, value: &quot;ctrl&quot;)" computerName="PASCAL" duration="00:00:00.0000005" startTime="2025-06-28T20:42:21.7534038+02:00" endTime="2025-06-28T20:42:21.7534038+02:00" testType="13cdc9d9-ddb5-4fa4-a97d-d965ccfc6d4b" outcome="Passed" testListId="8c84fa94-04c1-424b-9868-57a2d4851a1d" relativeResultsDirectory="b989143d-673f-4b8a-9332-75a7291854b3" />
    <UnitTestResult executionId="5f833bd8-0d6f-4e84-a61b-c1998d0b470c" testId="b2e1ec97-b16d-a9d0-5f75-3de55ae3a5d5" testName="EasyWoWMacro.Tests.MacroParserTests.Parse_CommandWithSemicolonSeparatedConditionals_ShouldParseCorrectly" computerName="PASCAL" duration="00:00:00.0001529" startTime="2025-06-28T20:42:21.7541911+02:00" endTime="2025-06-28T20:42:21.7541911+02:00" testType="13cdc9d9-ddb5-4fa4-a97d-d965ccfc6d4b" outcome="Passed" testListId="8c84fa94-04c1-424b-9868-57a2d4851a1d" relativeResultsDirectory="5f833bd8-0d6f-4e84-a61b-c1998d0b470c" />
    <UnitTestResult executionId="83a6092c-3699-429c-b0db-d2d9de194019" testId="af924a79-e88c-311f-926c-bd39ac0387b3" testName="EasyWoWMacro.Tests.MacroParserTests.Parse_SimpleCommand_ShouldParseCorrectly" computerName="PASCAL" duration="00:00:00.0001513" startTime="2025-06-28T20:42:21.7542612+02:00" endTime="2025-06-28T20:42:21.7542613+02:00" testType="13cdc9d9-ddb5-4fa4-a97d-d965ccfc6d4b" outcome="Passed" testListId="8c84fa94-04c1-424b-9868-57a2d4851a1d" relativeResultsDirectory="83a6092c-3699-429c-b0db-d2d9de194019" />
    <UnitTestResult executionId="5158fd72-df84-41f9-8268-68a103925f82" testId="e0dc5fee-3c57-5d55-7069-855882e0e9d5" testName="EasyWoWMacro.Tests.CommandValidatorTests.IsValidCommand_VariousValidCommands_ShouldReturnTrue(commandName: &quot;/dismount&quot;)" computerName="PASCAL" duration="00:00:00.0000005" startTime="2025-06-28T20:42:21.7530330+02:00" endTime="2025-06-28T20:42:21.7530330+02:00" testType="13cdc9d9-ddb5-4fa4-a97d-d965ccfc6d4b" outcome="Passed" testListId="8c84fa94-04c1-424b-9868-57a2d4851a1d" relativeResultsDirectory="5158fd72-df84-41f9-8268-68a103925f82" />
    <UnitTestResult executionId="82f4bb76-f81d-4546-82d3-3dde14a55f17" testId="94f955ea-c6df-db34-c704-641c54ffb03c" testName="EasyWoWMacro.Tests.CommandValidatorTests.IsValidCommand_ValidCommand_ShouldReturnTrue" computerName="PASCAL" duration="00:00:00.0000408" startTime="2025-06-28T20:42:21.7539580+02:00" endTime="2025-06-28T20:42:21.7539581+02:00" testType="13cdc9d9-ddb5-4fa4-a97d-d965ccfc6d4b" outcome="Passed" testListId="8c84fa94-04c1-424b-9868-57a2d4851a1d" relativeResultsDirectory="82f4bb76-f81d-4546-82d3-3dde14a55f17" />
    <UnitTestResult executionId="6bee9d20-e823-422e-b948-76d6b330b2b7" testId="5a173877-ff4f-a672-3a69-2e6ff0fb47e1" testName="EasyWoWMacro.Tests.ConditionalValidatorTests.IsValidCondition_VariousInvalidConditions_ShouldReturnFalse(key: &quot;equipped&quot;, value: &quot;invalid&quot;)" computerName="PASCAL" duration="00:00:00.0000022" startTime="2025-06-28T20:42:21.7538684+02:00" endTime="2025-06-28T20:42:21.7538684+02:00" testType="13cdc9d9-ddb5-4fa4-a97d-d965ccfc6d4b" outcome="Passed" testListId="8c84fa94-04c1-424b-9868-57a2d4851a1d" relativeResultsDirectory="6bee9d20-e823-422e-b948-76d6b330b2b7" />
    <UnitTestResult executionId="c776bdf7-312e-4065-9761-68fd5edf4678" testId="87d2f25b-90b6-5853-0c68-2df94b0047e2" testName="EasyWoWMacro.Tests.ConditionalValidatorTests.IsValidCondition_VariousValidConditions_ShouldReturnTrue(key: &quot;form&quot;, value: &quot;cat&quot;)" computerName="PASCAL" duration="00:00:00.0001144" startTime="2025-06-28T20:42:21.7522773+02:00" endTime="2025-06-28T20:42:21.7522773+02:00" testType="13cdc9d9-ddb5-4fa4-a97d-d965ccfc6d4b" outcome="Passed" testListId="8c84fa94-04c1-424b-9868-57a2d4851a1d" relativeResultsDirectory="c776bdf7-312e-4065-9761-68fd5edf4678" />
  </Results>
  <TestDefinitions>
    <UnitTest name="EasyWoWMacro.Tests.ConditionalValidatorTests.ValidateConditionSet_ValidSet_ShouldReturnNoErrors" storage="c:\users\pasca\riderprojects\easywowmacro\easywowmacro.tests\bin\debug\net10.0\easywowmacro.tests.dll" id="020fabdf-1b5b-33df-5862-87cb0ac689ab">
      <Execution id="b010eed9-08f1-4db4-8694-908d4060cf50" />
      <TestMethod codeBase="C:\Users\Pasca\RiderProjects\EasyWoWMacro\EasyWoWMacro.Tests\bin\Debug\net10.0\EasyWoWMacro.Tests.dll" adapterTypeName="executor://xunit/VsTestRunner2/netcoreapp" className="EasyWoWMacro.Tests.ConditionalValidatorTests" name="ValidateConditionSet_ValidSet_ShouldReturnNoErrors" />
    </UnitTest>
    <UnitTest name="EasyWoWMacro.Tests.ConditionalValidatorTests.IsValidCondition_ValidCondition_ShouldReturnTrue" storage="c:\users\pasca\riderprojects\easywowmacro\easywowmacro.tests\bin\debug\net10.0\easywowmacro.tests.dll" id="385487c1-d24b-5bcb-6706-2463b3493f73">
      <Execution id="7d3b1efb-8079-40b0-ad7f-d97997e85e7b" />
      <TestMethod codeBase="C:\Users\Pasca\RiderProjects\EasyWoWMacro\EasyWoWMacro.Tests\bin\Debug\net10.0\EasyWoWMacro.Tests.dll" adapterTypeName="executor://xunit/VsTestRunner2/netcoreapp" className="EasyWoWMacro.Tests.ConditionalValidatorTests" name="IsValidCondition_ValidCondition_ShouldReturnTrue" />
    </UnitTest>
    <UnitTest name="EasyWoWMacro.Tests.ConditionalValidatorTests.IsValidCondition_VariousValidConditions_ShouldReturnTrue(key: &quot;stance&quot;, value: &quot;1&quot;)" storage="c:\users\pasca\riderprojects\easywowmacro\easywowmacro.tests\bin\debug\net10.0\easywowmacro.tests.dll" id="c4b6793d-5a16-8eb6-89e1-4e713c8083a1">
      <Execution id="4b2e6ab7-ed51-4193-9778-5d7650820a26" />
      <TestMethod codeBase="C:\Users\Pasca\RiderProjects\EasyWoWMacro\EasyWoWMacro.Tests\bin\Debug\net10.0\EasyWoWMacro.Tests.dll" adapterTypeName="executor://xunit/VsTestRunner2/netcoreapp" className="EasyWoWMacro.Tests.ConditionalValidatorTests" name="IsValidCondition_VariousValidConditions_ShouldReturnTrue" />
    </UnitTest>
    <UnitTest name="EasyWoWMacro.Tests.CommandValidatorTests.IsValidCommand_VariousInvalidCommands_ShouldReturnFalse(commandName: &quot;Cast&quot;)" storage="c:\users\pasca\riderprojects\easywowmacro\easywowmacro.tests\bin\debug\net10.0\easywowmacro.tests.dll" id="eee677df-7418-ea62-3400-d1d6920ece86">
      <Execution id="7c699e3c-60f3-4b55-b1b0-33796b6dc315" />
      <TestMethod codeBase="C:\Users\Pasca\RiderProjects\EasyWoWMacro\EasyWoWMacro.Tests\bin\Debug\net10.0\EasyWoWMacro.Tests.dll" adapterTypeName="executor://xunit/VsTestRunner2/netcoreapp" className="EasyWoWMacro.Tests.CommandValidatorTests" name="IsValidCommand_VariousInvalidCommands_ShouldReturnFalse" />
    </UnitTest>
    <UnitTest name="EasyWoWMacro.Tests.CommandValidatorTests.IsValidCommand_VariousValidCommands_ShouldReturnTrue(commandName: &quot;/petaggressive&quot;)" storage="c:\users\pasca\riderprojects\easywowmacro\easywowmacro.tests\bin\debug\net10.0\easywowmacro.tests.dll" id="91776f49-d6f0-4067-5742-ea19cce02991">
      <Execution id="41973c74-628c-4375-a919-b67b53ab0e58" />
      <TestMethod codeBase="C:\Users\Pasca\RiderProjects\EasyWoWMacro\EasyWoWMacro.Tests\bin\Debug\net10.0\EasyWoWMacro.Tests.dll" adapterTypeName="executor://xunit/VsTestRunner2/netcoreapp" className="EasyWoWMacro.Tests.CommandValidatorTests" name="IsValidCommand_VariousValidCommands_ShouldReturnTrue" />
    </UnitTest>
    <UnitTest name="EasyWoWMacro.Tests.ConditionalValidatorTests.GetValidValuesForKey_ValidKey_ShouldReturnValues" storage="c:\users\pasca\riderprojects\easywowmacro\easywowmacro.tests\bin\debug\net10.0\easywowmacro.tests.dll" id="e674b907-1375-f6bb-7cc8-611072e39a4b">
      <Execution id="22522cd8-8121-41a8-a655-295b4ff114a5" />
      <TestMethod codeBase="C:\Users\Pasca\RiderProjects\EasyWoWMacro\EasyWoWMacro.Tests\bin\Debug\net10.0\EasyWoWMacro.Tests.dll" adapterTypeName="executor://xunit/VsTestRunner2/netcoreapp" className="EasyWoWMacro.Tests.ConditionalValidatorTests" name="GetValidValuesForKey_ValidKey_ShouldReturnValues" />
    </UnitTest>
    <UnitTest name="EasyWoWMacro.Tests.CommandValidatorTests.IsValidCommand_VariousValidCommands_ShouldReturnTrue(commandName: &quot;/cancelaura&quot;)" storage="c:\users\pasca\riderprojects\easywowmacro\easywowmacro.tests\bin\debug\net10.0\easywowmacro.tests.dll" id="763076cf-34da-a001-15ba-dfb4902a490e">
      <Execution id="2a52e606-ac14-49ad-b804-b098e015b459" />
      <TestMethod codeBase="C:\Users\Pasca\RiderProjects\EasyWoWMacro\EasyWoWMacro.Tests\bin\Debug\net10.0\EasyWoWMacro.Tests.dll" adapterTypeName="executor://xunit/VsTestRunner2/netcoreapp" className="EasyWoWMacro.Tests.CommandValidatorTests" name="IsValidCommand_VariousValidCommands_ShouldReturnTrue" />
    </UnitTest>
    <UnitTest name="EasyWoWMacro.Tests.CommandValidatorTests.IsValidCommand_VariousValidCommands_ShouldReturnTrue(commandName: &quot;/focus&quot;)" storage="c:\users\pasca\riderprojects\easywowmacro\easywowmacro.tests\bin\debug\net10.0\easywowmacro.tests.dll" id="a14194e4-dc98-6042-717f-a038d6e783ee">
      <Execution id="a1c7694a-c9c8-4997-91ce-2edc3d4851d3" />
      <TestMethod codeBase="C:\Users\Pasca\RiderProjects\EasyWoWMacro\EasyWoWMacro.Tests\bin\Debug\net10.0\EasyWoWMacro.Tests.dll" adapterTypeName="executor://xunit/VsTestRunner2/netcoreapp" className="EasyWoWMacro.Tests.CommandValidatorTests" name="IsValidCommand_VariousValidCommands_ShouldReturnTrue" />
    </UnitTest>
    <UnitTest name="EasyWoWMacro.Tests.MacroParserTests.Parse_ComplexMacro_ShouldParseCorrectly" storage="c:\users\pasca\riderprojects\easywowmacro\easywowmacro.tests\bin\debug\net10.0\easywowmacro.tests.dll" id="513d752f-4b39-bd46-466b-a6adfe1c71b7">
      <Execution id="e38883cd-b3b0-4906-81fd-dc1764a3135f" />
      <TestMethod codeBase="C:\Users\Pasca\RiderProjects\EasyWoWMacro\EasyWoWMacro.Tests\bin\Debug\net10.0\EasyWoWMacro.Tests.dll" adapterTypeName="executor://xunit/VsTestRunner2/netcoreapp" className="EasyWoWMacro.Tests.MacroParserTests" name="Parse_ComplexMacro_ShouldParseCorrectly" />
    </UnitTest>
    <UnitTest name="EasyWoWMacro.Tests.CommandValidatorTests.IsValidCommand_VariousValidCommands_ShouldReturnTrue(commandName: &quot;/petdefensive&quot;)" storage="c:\users\pasca\riderprojects\easywowmacro\easywowmacro.tests\bin\debug\net10.0\easywowmacro.tests.dll" id="c5b9e21a-e727-6fc9-3980-71a8dbf31651">
      <Execution id="b7cd5180-0527-4e3a-b9f8-8ec94eb2591a" />
      <TestMethod codeBase="C:\Users\Pasca\RiderProjects\EasyWoWMacro\EasyWoWMacro.Tests\bin\Debug\net10.0\EasyWoWMacro.Tests.dll" adapterTypeName="executor://xunit/VsTestRunner2/netcoreapp" className="EasyWoWMacro.Tests.CommandValidatorTests" name="IsValidCommand_VariousValidCommands_ShouldReturnTrue" />
    </UnitTest>
    <UnitTest name="EasyWoWMacro.Tests.MacroParserTests.ValidateMacro_InvalidCommandAndConditional_ShouldReturnMultipleErrors" storage="c:\users\pasca\riderprojects\easywowmacro\easywowmacro.tests\bin\debug\net10.0\easywowmacro.tests.dll" id="3b304162-581a-5292-1f69-c4510378a939">
      <Execution id="82336a82-8864-4b0a-8e55-2f6cf3679dd4" />
      <TestMethod codeBase="C:\Users\Pasca\RiderProjects\EasyWoWMacro\EasyWoWMacro.Tests\bin\Debug\net10.0\EasyWoWMacro.Tests.dll" adapterTypeName="executor://xunit/VsTestRunner2/netcoreapp" className="EasyWoWMacro.Tests.MacroParserTests" name="ValidateMacro_InvalidCommandAndConditional_ShouldReturnMultipleErrors" />
    </UnitTest>
    <UnitTest name="EasyWoWMacro.Tests.CommandValidatorTests.IsValidCommand_EmptyCommand_ShouldReturnFalse" storage="c:\users\pasca\riderprojects\easywowmacro\easywowmacro.tests\bin\debug\net10.0\easywowmacro.tests.dll" id="45421171-950f-eab2-3e31-abc72056ff93">
      <Execution id="3ef2b618-d27f-4e85-b183-77985a9a4d0c" />
      <TestMethod codeBase="C:\Users\Pasca\RiderProjects\EasyWoWMacro\EasyWoWMacro.Tests\bin\Debug\net10.0\EasyWoWMacro.Tests.dll" adapterTypeName="executor://xunit/VsTestRunner2/netcoreapp" className="EasyWoWMacro.Tests.CommandValidatorTests" name="IsValidCommand_EmptyCommand_ShouldReturnFalse" />
    </UnitTest>
    <UnitTest name="EasyWoWMacro.Tests.ConditionalValidatorTests.IsValidCondition_VariousValidConditions_ShouldReturnTrue(key: &quot;equipped&quot;, value: &quot;weapon&quot;)" storage="c:\users\pasca\riderprojects\easywowmacro\easywowmacro.tests\bin\debug\net10.0\easywowmacro.tests.dll" id="eead2606-6b79-9e86-1861-f01fd6954ec8">
      <Execution id="988ff147-0057-4047-8533-a6aaf706d520" />
      <TestMethod codeBase="C:\Users\Pasca\RiderProjects\EasyWoWMacro\EasyWoWMacro.Tests\bin\Debug\net10.0\EasyWoWMacro.Tests.dll" adapterTypeName="executor://xunit/VsTestRunner2/netcoreapp" className="EasyWoWMacro.Tests.ConditionalValidatorTests" name="IsValidCondition_VariousValidConditions_ShouldReturnTrue" />
    </UnitTest>
    <UnitTest name="EasyWoWMacro.Tests.MacroParserTests.Parse_CommandWithCommaSeparatedConditions_ShouldParseCorrectly" storage="c:\users\pasca\riderprojects\easywowmacro\easywowmacro.tests\bin\debug\net10.0\easywowmacro.tests.dll" id="3d8dd365-e5b6-ac7c-1bd2-c1727736b5f6">
      <Execution id="6f4459f1-687e-4c8b-b1f1-38b9b0865ba3" />
      <TestMethod codeBase="C:\Users\Pasca\RiderProjects\EasyWoWMacro\EasyWoWMacro.Tests\bin\Debug\net10.0\EasyWoWMacro.Tests.dll" adapterTypeName="executor://xunit/VsTestRunner2/netcoreapp" className="EasyWoWMacro.Tests.MacroParserTests" name="Parse_CommandWithCommaSeparatedConditions_ShouldParseCorrectly" />
    </UnitTest>
    <UnitTest name="EasyWoWMacro.Tests.ConditionalValidatorTests.ValidateConditional_ValidConditional_ShouldReturnNoErrors" storage="c:\users\pasca\riderprojects\easywowmacro\easywowmacro.tests\bin\debug\net10.0\easywowmacro.tests.dll" id="2d6ef372-627f-84cc-36e6-006c36b5f897">
      <Execution id="c18e05b7-1f17-4f4c-8365-11328b58fccc" />
      <TestMethod codeBase="C:\Users\Pasca\RiderProjects\EasyWoWMacro\EasyWoWMacro.Tests\bin\Debug\net10.0\EasyWoWMacro.Tests.dll" adapterTypeName="executor://xunit/VsTestRunner2/netcoreapp" className="EasyWoWMacro.Tests.ConditionalValidatorTests" name="ValidateConditional_ValidConditional_ShouldReturnNoErrors" />
    </UnitTest>
    <UnitTest name="EasyWoWMacro.Tests.ConditionalValidatorTests.IsValidCondition_VariousValidConditions_ShouldReturnTrue(key: &quot;form&quot;, value: &quot;bear&quot;)" storage="c:\users\pasca\riderprojects\easywowmacro\easywowmacro.tests\bin\debug\net10.0\easywowmacro.tests.dll" id="fb9018d3-a333-5d29-27d1-94a8951675a2">
      <Execution id="c4a78f43-35ae-41fe-9822-98d0839c7ecb" />
      <TestMethod codeBase="C:\Users\Pasca\RiderProjects\EasyWoWMacro\EasyWoWMacro.Tests\bin\Debug\net10.0\EasyWoWMacro.Tests.dll" adapterTypeName="executor://xunit/VsTestRunner2/netcoreapp" className="EasyWoWMacro.Tests.ConditionalValidatorTests" name="IsValidCondition_VariousValidConditions_ShouldReturnTrue" />
    </UnitTest>
    <UnitTest name="EasyWoWMacro.Tests.CommandValidatorTests.IsValidCommand_VariousValidCommands_ShouldReturnTrue(commandName: &quot;/equip&quot;)" storage="c:\users\pasca\riderprojects\easywowmacro\easywowmacro.tests\bin\debug\net10.0\easywowmacro.tests.dll" id="d80bb102-eda3-49fb-2e19-a3fc7671e0f8">
      <Execution id="6edd60e4-6e16-49eb-9eb2-0d261607afde" />
      <TestMethod codeBase="C:\Users\Pasca\RiderProjects\EasyWoWMacro\EasyWoWMacro.Tests\bin\Debug\net10.0\EasyWoWMacro.Tests.dll" adapterTypeName="executor://xunit/VsTestRunner2/netcoreapp" className="EasyWoWMacro.Tests.CommandValidatorTests" name="IsValidCommand_VariousValidCommands_ShouldReturnTrue" />
    </UnitTest>
    <UnitTest name="EasyWoWMacro.Tests.CommandValidatorTests.IsValidCommand_VariousInvalidCommands_ShouldReturnFalse(commandName: &quot; &quot;)" storage="c:\users\pasca\riderprojects\easywowmacro\easywowmacro.tests\bin\debug\net10.0\easywowmacro.tests.dll" id="ce8c545b-be51-2c27-2d6f-d4922b791842">
      <Execution id="0cfd639b-911f-4711-94b1-5d515c88cee1" />
      <TestMethod codeBase="C:\Users\Pasca\RiderProjects\EasyWoWMacro\EasyWoWMacro.Tests\bin\Debug\net10.0\EasyWoWMacro.Tests.dll" adapterTypeName="executor://xunit/VsTestRunner2/netcoreapp" className="EasyWoWMacro.Tests.CommandValidatorTests" name="IsValidCommand_VariousInvalidCommands_ShouldReturnFalse" />
    </UnitTest>
    <UnitTest name="EasyWoWMacro.Tests.ConditionalValidatorTests.IsValidCondition_InvalidConditionValue_ShouldReturnFalse" storage="c:\users\pasca\riderprojects\easywowmacro\easywowmacro.tests\bin\debug\net10.0\easywowmacro.tests.dll" id="4937df9e-4497-1e8c-cf24-c0af0767d726">
      <Execution id="4ceb07c5-8b69-4b68-a3d3-7365f3e7e576" />
      <TestMethod codeBase="C:\Users\Pasca\RiderProjects\EasyWoWMacro\EasyWoWMacro.Tests\bin\Debug\net10.0\EasyWoWMacro.Tests.dll" adapterTypeName="executor://xunit/VsTestRunner2/netcoreapp" className="EasyWoWMacro.Tests.ConditionalValidatorTests" name="IsValidCondition_InvalidConditionValue_ShouldReturnFalse" />
    </UnitTest>
    <UnitTest name="EasyWoWMacro.Tests.MacroParserTests.Parse_CommandWithSemicolonSeparatedConditionals_ShouldParseCorrectly" storage="c:\users\pasca\riderprojects\easywowmacro\easywowmacro.tests\bin\debug\net10.0\easywowmacro.tests.dll" id="b2e1ec97-b16d-a9d0-5f75-3de55ae3a5d5">
      <Execution id="5f833bd8-0d6f-4e84-a61b-c1998d0b470c" />
      <TestMethod codeBase="C:\Users\Pasca\RiderProjects\EasyWoWMacro\EasyWoWMacro.Tests\bin\Debug\net10.0\EasyWoWMacro.Tests.dll" adapterTypeName="executor://xunit/VsTestRunner2/netcoreapp" className="EasyWoWMacro.Tests.MacroParserTests" name="Parse_CommandWithSemicolonSeparatedConditionals_ShouldParseCorrectly" />
    </UnitTest>
    <UnitTest name="EasyWoWMacro.Tests.MacroParserTests.Parse_SimpleDirective_ShouldParseCorrectly" storage="c:\users\pasca\riderprojects\easywowmacro\easywowmacro.tests\bin\debug\net10.0\easywowmacro.tests.dll" id="8836f919-0d13-e057-9959-4f65e65d10e6">
      <Execution id="b376a9ca-6187-4225-8268-33cda89fd230" />
      <TestMethod codeBase="C:\Users\Pasca\RiderProjects\EasyWoWMacro\EasyWoWMacro.Tests\bin\Debug\net10.0\EasyWoWMacro.Tests.dll" adapterTypeName="executor://xunit/VsTestRunner2/netcoreapp" className="EasyWoWMacro.Tests.MacroParserTests" name="Parse_SimpleDirective_ShouldParseCorrectly" />
    </UnitTest>
    <UnitTest name="EasyWoWMacro.Tests.MacroParserTests.Parse_CommandWithCastSequenceAndComplexConditionals_ShouldParseCorrectly" storage="c:\users\pasca\riderprojects\easywowmacro\easywowmacro.tests\bin\debug\net10.0\easywowmacro.tests.dll" id="8e0cc53f-7a01-125e-620f-5c8c79fa76c5">
      <Execution id="98f49816-efe5-4211-94ec-1638fb8a1c64" />
      <TestMethod codeBase="C:\Users\Pasca\RiderProjects\EasyWoWMacro\EasyWoWMacro.Tests\bin\Debug\net10.0\EasyWoWMacro.Tests.dll" adapterTypeName="executor://xunit/VsTestRunner2/netcoreapp" className="EasyWoWMacro.Tests.MacroParserTests" name="Parse_CommandWithCastSequenceAndComplexConditionals_ShouldParseCorrectly" />
    </UnitTest>
    <UnitTest name="EasyWoWMacro.Tests.MacroParserTests.ValidateMacro_InvalidDirective_ShouldReturnError" storage="c:\users\pasca\riderprojects\easywowmacro\easywowmacro.tests\bin\debug\net10.0\easywowmacro.tests.dll" id="61ec7924-e3bf-ccf9-6420-a1cd1f09f3b4">
      <Execution id="adb53fd9-17c3-4b02-88ef-d47294a03733" />
      <TestMethod codeBase="C:\Users\Pasca\RiderProjects\EasyWoWMacro\EasyWoWMacro.Tests\bin\Debug\net10.0\EasyWoWMacro.Tests.dll" adapterTypeName="executor://xunit/VsTestRunner2/netcoreapp" className="EasyWoWMacro.Tests.MacroParserTests" name="ValidateMacro_InvalidDirective_ShouldReturnError" />
    </UnitTest>
    <UnitTest name="EasyWoWMacro.Tests.MacroParserTests.Parse_CommandWithMultipleBracketSets_ShouldParseCorrectly" storage="c:\users\pasca\riderprojects\easywowmacro\easywowmacro.tests\bin\debug\net10.0\easywowmacro.tests.dll" id="058d08cc-a427-33e9-6ecc-e0a46a9f8778">
      <Execution id="65372d58-b711-4881-85e0-2c27d8682d0e" />
      <TestMethod codeBase="C:\Users\Pasca\RiderProjects\EasyWoWMacro\EasyWoWMacro.Tests\bin\Debug\net10.0\EasyWoWMacro.Tests.dll" adapterTypeName="executor://xunit/VsTestRunner2/netcoreapp" className="EasyWoWMacro.Tests.MacroParserTests" name="Parse_CommandWithMultipleBracketSets_ShouldParseCorrectly" />
    </UnitTest>
    <UnitTest name="EasyWoWMacro.Tests.ConditionalValidatorTests.IsValidCondition_VariousInvalidConditions_ShouldReturnFalse(key: &quot;mod&quot;, value: &quot;invalid&quot;)" storage="c:\users\pasca\riderprojects\easywowmacro\easywowmacro.tests\bin\debug\net10.0\easywowmacro.tests.dll" id="a57e3b59-d8c9-376f-e73d-c5bc0e43361b">
      <Execution id="87f0d6fa-9568-4aae-b135-e20abe896b5a" />
      <TestMethod codeBase="C:\Users\Pasca\RiderProjects\EasyWoWMacro\EasyWoWMacro.Tests\bin\Debug\net10.0\EasyWoWMacro.Tests.dll" adapterTypeName="executor://xunit/VsTestRunner2/netcoreapp" className="EasyWoWMacro.Tests.ConditionalValidatorTests" name="IsValidCondition_VariousInvalidConditions_ShouldReturnFalse" />
    </UnitTest>
    <UnitTest name="EasyWoWMacro.Tests.ConditionalValidatorTests.IsValidCondition_VariousValidConditions_ShouldReturnTrue(key: &quot;mod&quot;, value: &quot;ctrl&quot;)" storage="c:\users\pasca\riderprojects\easywowmacro\easywowmacro.tests\bin\debug\net10.0\easywowmacro.tests.dll" id="6dcc06e5-59ac-6574-8648-49e6d1a470cc">
      <Execution id="b989143d-673f-4b8a-9332-75a7291854b3" />
      <TestMethod codeBase="C:\Users\Pasca\RiderProjects\EasyWoWMacro\EasyWoWMacro.Tests\bin\Debug\net10.0\EasyWoWMacro.Tests.dll" adapterTypeName="executor://xunit/VsTestRunner2/netcoreapp" className="EasyWoWMacro.Tests.ConditionalValidatorTests" name="IsValidCondition_VariousValidConditions_ShouldReturnTrue" />
    </UnitTest>
    <UnitTest name="EasyWoWMacro.Tests.ConditionalValidatorTests.IsValidCondition_VariousValidConditions_ShouldReturnTrue(key: &quot;mod&quot;, value: &quot;alt&quot;)" storage="c:\users\pasca\riderprojects\easywowmacro\easywowmacro.tests\bin\debug\net10.0\easywowmacro.tests.dll" id="480afcf2-d935-bbe2-c70c-9947bf4681e3">
      <Execution id="b8dfb86a-6dd4-4eee-b10a-fd42e4f4dc01" />
      <TestMethod codeBase="C:\Users\Pasca\RiderProjects\EasyWoWMacro\EasyWoWMacro.Tests\bin\Debug\net10.0\EasyWoWMacro.Tests.dll" adapterTypeName="executor://xunit/VsTestRunner2/netcoreapp" className="EasyWoWMacro.Tests.ConditionalValidatorTests" name="IsValidCondition_VariousValidConditions_ShouldReturnTrue" />
    </UnitTest>
    <UnitTest name="EasyWoWMacro.Tests.CommandValidatorTests.IsValidCommand_VariousValidCommands_ShouldReturnTrue(commandName: &quot;/castsequence&quot;)" storage="c:\users\pasca\riderprojects\easywowmacro\easywowmacro.tests\bin\debug\net10.0\easywowmacro.tests.dll" id="a581d8ea-4219-22cc-31e5-38c8c5d590e8">
      <Execution id="7b8c1537-8d95-401c-bab9-58c75f7406b6" />
      <TestMethod codeBase="C:\Users\Pasca\RiderProjects\EasyWoWMacro\EasyWoWMacro.Tests\bin\Debug\net10.0\EasyWoWMacro.Tests.dll" adapterTypeName="executor://xunit/VsTestRunner2/netcoreapp" className="EasyWoWMacro.Tests.CommandValidatorTests" name="IsValidCommand_VariousValidCommands_ShouldReturnTrue" />
    </UnitTest>
    <UnitTest name="EasyWoWMacro.Tests.CommandValidatorTests.IsValidCommand_VariousValidCommands_ShouldReturnTrue(commandName: &quot;/target&quot;)" storage="c:\users\pasca\riderprojects\easywowmacro\easywowmacro.tests\bin\debug\net10.0\easywowmacro.tests.dll" id="d95dbbeb-25f0-612e-a017-8ff4e285aee8">
      <Execution id="a5dd3738-6964-4a88-b0e3-a2703414cd2d" />
      <TestMethod codeBase="C:\Users\Pasca\RiderProjects\EasyWoWMacro\EasyWoWMacro.Tests\bin\Debug\net10.0\EasyWoWMacro.Tests.dll" adapterTypeName="executor://xunit/VsTestRunner2/netcoreapp" className="EasyWoWMacro.Tests.CommandValidatorTests" name="IsValidCommand_VariousValidCommands_ShouldReturnTrue" />
    </UnitTest>
    <UnitTest name="EasyWoWMacro.Tests.MacroParserTests.Parse_CommandWithMultipleComplexConditionals_ShouldParseCorrectly" storage="c:\users\pasca\riderprojects\easywowmacro\easywowmacro.tests\bin\debug\net10.0\easywowmacro.tests.dll" id="a0dea182-b39c-3e52-b685-1b669cb6c34e">
      <Execution id="ae0aafd6-f2a3-4b83-98da-c298f3cfc76c" />
      <TestMethod codeBase="C:\Users\Pasca\RiderProjects\EasyWoWMacro\EasyWoWMacro.Tests\bin\Debug\net10.0\EasyWoWMacro.Tests.dll" adapterTypeName="executor://xunit/VsTestRunner2/netcoreapp" className="EasyWoWMacro.Tests.MacroParserTests" name="Parse_CommandWithMultipleComplexConditionals_ShouldParseCorrectly" />
    </UnitTest>
    <UnitTest name="EasyWoWMacro.Tests.MacroParserTests.ValidateMacro_InvalidConditional_ShouldReturnError" storage="c:\users\pasca\riderprojects\easywowmacro\easywowmacro.tests\bin\debug\net10.0\easywowmacro.tests.dll" id="9e163a1d-d418-1281-c1c1-ba6ca9562798">
      <Execution id="a5e85c1a-c911-411b-8114-8fd69b9d53ae" />
      <TestMethod codeBase="C:\Users\Pasca\RiderProjects\EasyWoWMacro\EasyWoWMacro.Tests\bin\Debug\net10.0\EasyWoWMacro.Tests.dll" adapterTypeName="executor://xunit/VsTestRunner2/netcoreapp" className="EasyWoWMacro.Tests.MacroParserTests" name="ValidateMacro_InvalidConditional_ShouldReturnError" />
    </UnitTest>
    <UnitTest name="EasyWoWMacro.Tests.CommandValidatorTests.IsValidCommand_VariousValidCommands_ShouldReturnTrue(commandName: &quot;/use&quot;)" storage="c:\users\pasca\riderprojects\easywowmacro\easywowmacro.tests\bin\debug\net10.0\easywowmacro.tests.dll" id="95fe2a33-fbe4-5303-6dae-a50e135d27ff">
      <Execution id="19864f95-8906-42a7-8a75-d218668cbe12" />
      <TestMethod codeBase="C:\Users\Pasca\RiderProjects\EasyWoWMacro\EasyWoWMacro.Tests\bin\Debug\net10.0\EasyWoWMacro.Tests.dll" adapterTypeName="executor://xunit/VsTestRunner2/netcoreapp" className="EasyWoWMacro.Tests.CommandValidatorTests" name="IsValidCommand_VariousValidCommands_ShouldReturnTrue" />
    </UnitTest>
    <UnitTest name="EasyWoWMacro.Tests.CommandValidatorTests.ValidateCommandLine_ValidCommand_ShouldReturnNoErrors" storage="c:\users\pasca\riderprojects\easywowmacro\easywowmacro.tests\bin\debug\net10.0\easywowmacro.tests.dll" id="c7104428-2cdd-7733-48b6-2b4bc2c9b5ae">
      <Execution id="a9de28d4-6df2-400f-a845-aa423fe58323" />
      <TestMethod codeBase="C:\Users\Pasca\RiderProjects\EasyWoWMacro\EasyWoWMacro.Tests\bin\Debug\net10.0\EasyWoWMacro.Tests.dll" adapterTypeName="executor://xunit/VsTestRunner2/netcoreapp" className="EasyWoWMacro.Tests.CommandValidatorTests" name="ValidateCommandLine_ValidCommand_ShouldReturnNoErrors" />
    </UnitTest>
    <UnitTest name="EasyWoWMacro.Tests.CommandValidatorTests.IsValidCommand_VariousValidCommands_ShouldReturnTrue(commandName: &quot;/equipslot&quot;)" storage="c:\users\pasca\riderprojects\easywowmacro\easywowmacro.tests\bin\debug\net10.0\easywowmacro.tests.dll" id="0d7ca502-56a3-2b40-6ab1-4661a3efa7a2">
      <Execution id="c16b64be-0617-484c-aecb-eb6b5871aa6f" />
      <TestMethod codeBase="C:\Users\Pasca\RiderProjects\EasyWoWMacro\EasyWoWMacro.Tests\bin\Debug\net10.0\EasyWoWMacro.Tests.dll" adapterTypeName="executor://xunit/VsTestRunner2/netcoreapp" className="EasyWoWMacro.Tests.CommandValidatorTests" name="IsValidCommand_VariousValidCommands_ShouldReturnTrue" />
    </UnitTest>
    <UnitTest name="EasyWoWMacro.Tests.CommandValidatorTests.GetValidCommands_ShouldReturnCommands" storage="c:\users\pasca\riderprojects\easywowmacro\easywowmacro.tests\bin\debug\net10.0\easywowmacro.tests.dll" id="545f1c42-654e-c087-32ef-00a76c0256fb">
      <Execution id="cf6879ac-8449-46e2-94f0-392162a09b6c" />
      <TestMethod codeBase="C:\Users\Pasca\RiderProjects\EasyWoWMacro\EasyWoWMacro.Tests\bin\Debug\net10.0\EasyWoWMacro.Tests.dll" adapterTypeName="executor://xunit/VsTestRunner2/netcoreapp" className="EasyWoWMacro.Tests.CommandValidatorTests" name="GetValidCommands_ShouldReturnCommands" />
    </UnitTest>
    <UnitTest name="EasyWoWMacro.Tests.ConditionalValidatorTests.IsValidCondition_VariousInvalidConditions_ShouldReturnFalse(key: &quot;equipped&quot;, value: &quot;invalid&quot;)" storage="c:\users\pasca\riderprojects\easywowmacro\easywowmacro.tests\bin\debug\net10.0\easywowmacro.tests.dll" id="5a173877-ff4f-a672-3a69-2e6ff0fb47e1">
      <Execution id="6bee9d20-e823-422e-b948-76d6b330b2b7" />
      <TestMethod codeBase="C:\Users\Pasca\RiderProjects\EasyWoWMacro\EasyWoWMacro.Tests\bin\Debug\net10.0\EasyWoWMacro.Tests.dll" adapterTypeName="executor://xunit/VsTestRunner2/netcoreapp" className="EasyWoWMacro.Tests.ConditionalValidatorTests" name="IsValidCondition_VariousInvalidConditions_ShouldReturnFalse" />
    </UnitTest>
    <UnitTest name="EasyWoWMacro.Tests.ConditionalValidatorTests.IsValidCondition_VariousInvalidConditions_ShouldReturnFalse(key: &quot;stance&quot;, value: &quot;7&quot;)" storage="c:\users\pasca\riderprojects\easywowmacro\easywowmacro.tests\bin\debug\net10.0\easywowmacro.tests.dll" id="4298cd32-da01-db6b-336d-ee6ae60a1640">
      <Execution id="26b1dc26-b02d-453f-ac71-d917a1acd73f" />
      <TestMethod codeBase="C:\Users\Pasca\RiderProjects\EasyWoWMacro\EasyWoWMacro.Tests\bin\Debug\net10.0\EasyWoWMacro.Tests.dll" adapterTypeName="executor://xunit/VsTestRunner2/netcoreapp" className="EasyWoWMacro.Tests.ConditionalValidatorTests" name="IsValidCondition_VariousInvalidConditions_ShouldReturnFalse" />
    </UnitTest>
    <UnitTest name="EasyWoWMacro.Tests.CommandValidatorTests.IsValidCommand_VariousValidCommands_ShouldReturnTrue(commandName: &quot;/dismount&quot;)" storage="c:\users\pasca\riderprojects\easywowmacro\easywowmacro.tests\bin\debug\net10.0\easywowmacro.tests.dll" id="e0dc5fee-3c57-5d55-7069-855882e0e9d5">
      <Execution id="5158fd72-df84-41f9-8268-68a103925f82" />
      <TestMethod codeBase="C:\Users\Pasca\RiderProjects\EasyWoWMacro\EasyWoWMacro.Tests\bin\Debug\net10.0\EasyWoWMacro.Tests.dll" adapterTypeName="executor://xunit/VsTestRunner2/netcoreapp" className="EasyWoWMacro.Tests.CommandValidatorTests" name="IsValidCommand_VariousValidCommands_ShouldReturnTrue" />
    </UnitTest>
    <UnitTest name="EasyWoWMacro.Tests.ConditionalValidatorTests.GetValidConditionalKeys_ShouldReturnKeys" storage="c:\users\pasca\riderprojects\easywowmacro\easywowmacro.tests\bin\debug\net10.0\easywowmacro.tests.dll" id="be78f624-318d-8ef8-92fd-29520e0e3df5">
      <Execution id="013cb7e0-a689-48d7-9724-8a1241c0e64a" />
      <TestMethod codeBase="C:\Users\Pasca\RiderProjects\EasyWoWMacro\EasyWoWMacro.Tests\bin\Debug\net10.0\EasyWoWMacro.Tests.dll" adapterTypeName="executor://xunit/VsTestRunner2/netcoreapp" className="EasyWoWMacro.Tests.ConditionalValidatorTests" name="GetValidConditionalKeys_ShouldReturnKeys" />
    </UnitTest>
    <UnitTest name="EasyWoWMacro.Tests.ConditionalValidatorTests.IsValidCondition_VariousValidConditions_ShouldReturnTrue(key: &quot;equipped&quot;, value: &quot;2h&quot;)" storage="c:\users\pasca\riderprojects\easywowmacro\easywowmacro.tests\bin\debug\net10.0\easywowmacro.tests.dll" id="5b876ef7-ac81-61d8-daa1-879f15b4f480">
      <Execution id="df0ce9fa-9a1c-4af6-888c-3103d2b8cfd7" />
      <TestMethod codeBase="C:\Users\Pasca\RiderProjects\EasyWoWMacro\EasyWoWMacro.Tests\bin\Debug\net10.0\EasyWoWMacro.Tests.dll" adapterTypeName="executor://xunit/VsTestRunner2/netcoreapp" className="EasyWoWMacro.Tests.ConditionalValidatorTests" name="IsValidCondition_VariousValidConditions_ShouldReturnTrue" />
    </UnitTest>
    <UnitTest name="EasyWoWMacro.Tests.CommandValidatorTests.IsValidCommand_VariousInvalidCommands_ShouldReturnFalse(commandName: &quot;CAST&quot;)" storage="c:\users\pasca\riderprojects\easywowmacro\easywowmacro.tests\bin\debug\net10.0\easywowmacro.tests.dll" id="cb61b1a3-0b6a-1d59-55db-8a8a867ca809">
      <Execution id="4dae19bc-6c08-481e-be89-4e0bc8b9becc" />
      <TestMethod codeBase="C:\Users\Pasca\RiderProjects\EasyWoWMacro\EasyWoWMacro.Tests\bin\Debug\net10.0\EasyWoWMacro.Tests.dll" adapterTypeName="executor://xunit/VsTestRunner2/netcoreapp" className="EasyWoWMacro.Tests.CommandValidatorTests" name="IsValidCommand_VariousInvalidCommands_ShouldReturnFalse" />
    </UnitTest>
    <UnitTest name="EasyWoWMacro.Tests.MacroParserTests.Parse_CommandWithSingleConditional_ShouldParseCorrectly" storage="c:\users\pasca\riderprojects\easywowmacro\easywowmacro.tests\bin\debug\net10.0\easywowmacro.tests.dll" id="c4600219-3512-aee4-77dd-63c2e4c09509">
      <Execution id="3daea972-2b52-49c1-aecf-76a9b9f92599" />
      <TestMethod codeBase="C:\Users\Pasca\RiderProjects\EasyWoWMacro\EasyWoWMacro.Tests\bin\Debug\net10.0\EasyWoWMacro.Tests.dll" adapterTypeName="executor://xunit/VsTestRunner2/netcoreapp" className="EasyWoWMacro.Tests.MacroParserTests" name="Parse_CommandWithSingleConditional_ShouldParseCorrectly" />
    </UnitTest>
    <UnitTest name="EasyWoWMacro.Tests.CommandValidatorTests.IsValidCommand_VariousInvalidCommands_ShouldReturnFalse(commandName: &quot;&quot;)" storage="c:\users\pasca\riderprojects\easywowmacro\easywowmacro.tests\bin\debug\net10.0\easywowmacro.tests.dll" id="3c689df7-ebba-9fad-b4dd-189aa1b70c46">
      <Execution id="ecf80fff-ff8e-41f1-9d2d-ac9daff23a8c" />
      <TestMethod codeBase="C:\Users\Pasca\RiderProjects\EasyWoWMacro\EasyWoWMacro.Tests\bin\Debug\net10.0\EasyWoWMacro.Tests.dll" adapterTypeName="executor://xunit/VsTestRunner2/netcoreapp" className="EasyWoWMacro.Tests.CommandValidatorTests" name="IsValidCommand_VariousInvalidCommands_ShouldReturnFalse" />
    </UnitTest>
    <UnitTest name="EasyWoWMacro.Tests.MacroParserTests.Parse_CommandWithWhitespaceAndTabs_ShouldParseCorrectly" storage="c:\users\pasca\riderprojects\easywowmacro\easywowmacro.tests\bin\debug\net10.0\easywowmacro.tests.dll" id="3dcf6792-4030-10e5-206c-ac5d7fd1dfa5">
      <Execution id="22ee77ba-c52b-4d71-839d-07e902ae169a" />
      <TestMethod codeBase="C:\Users\Pasca\RiderProjects\EasyWoWMacro\EasyWoWMacro.Tests\bin\Debug\net10.0\EasyWoWMacro.Tests.dll" adapterTypeName="executor://xunit/VsTestRunner2/netcoreapp" className="EasyWoWMacro.Tests.MacroParserTests" name="Parse_CommandWithWhitespaceAndTabs_ShouldParseCorrectly" />
    </UnitTest>
    <UnitTest name="EasyWoWMacro.Tests.ConditionalValidatorTests.IsValidCondition_EmptyKey_ShouldReturnFalse" storage="c:\users\pasca\riderprojects\easywowmacro\easywowmacro.tests\bin\debug\net10.0\easywowmacro.tests.dll" id="692d2b01-15cc-4103-702d-785f50bf9a17">
      <Execution id="ad057543-9281-4e57-8fcb-12e8412ff6df" />
      <TestMethod codeBase="C:\Users\Pasca\RiderProjects\EasyWoWMacro\EasyWoWMacro.Tests\bin\Debug\net10.0\EasyWoWMacro.Tests.dll" adapterTypeName="executor://xunit/VsTestRunner2/netcoreapp" className="EasyWoWMacro.Tests.ConditionalValidatorTests" name="IsValidCondition_EmptyKey_ShouldReturnFalse" />
    </UnitTest>
    <UnitTest name="EasyWoWMacro.Tests.CommandValidatorTests.IsValidCommand_VariousValidCommands_ShouldReturnTrue(commandName: &quot;/cancelform&quot;)" storage="c:\users\pasca\riderprojects\easywowmacro\easywowmacro.tests\bin\debug\net10.0\easywowmacro.tests.dll" id="9c418c9c-3c36-f34d-c0de-51d686aa993d">
      <Execution id="291601b8-4bfb-42a8-bf56-6917c21047d1" />
      <TestMethod codeBase="C:\Users\Pasca\RiderProjects\EasyWoWMacro\EasyWoWMacro.Tests\bin\Debug\net10.0\EasyWoWMacro.Tests.dll" adapterTypeName="executor://xunit/VsTestRunner2/netcoreapp" className="EasyWoWMacro.Tests.CommandValidatorTests" name="IsValidCommand_VariousValidCommands_ShouldReturnTrue" />
    </UnitTest>
    <UnitTest name="EasyWoWMacro.Tests.CommandValidatorTests.IsValidCommand_VariousValidCommands_ShouldReturnTrue(commandName: &quot;/assist&quot;)" storage="c:\users\pasca\riderprojects\easywowmacro\easywowmacro.tests\bin\debug\net10.0\easywowmacro.tests.dll" id="29a0b6b4-2b2c-18b8-c8e2-fce86a53fb68">
      <Execution id="3b148863-904c-46de-8b87-8df9300adaf2" />
      <TestMethod codeBase="C:\Users\Pasca\RiderProjects\EasyWoWMacro\EasyWoWMacro.Tests\bin\Debug\net10.0\EasyWoWMacro.Tests.dll" adapterTypeName="executor://xunit/VsTestRunner2/netcoreapp" className="EasyWoWMacro.Tests.CommandValidatorTests" name="IsValidCommand_VariousValidCommands_ShouldReturnTrue" />
    </UnitTest>
    <UnitTest name="EasyWoWMacro.Tests.CommandValidatorTests.IsValidCommand_VariousInvalidCommands_ShouldReturnFalse(commandName: &quot;invalidcommand&quot;)" storage="c:\users\pasca\riderprojects\easywowmacro\easywowmacro.tests\bin\debug\net10.0\easywowmacro.tests.dll" id="6b0ea6e4-bc72-9f3f-a965-a0cd081b2345">
      <Execution id="36004a75-0612-4bf3-96ef-c238e0711bd9" />
      <TestMethod codeBase="C:\Users\Pasca\RiderProjects\EasyWoWMacro\EasyWoWMacro.Tests\bin\Debug\net10.0\EasyWoWMacro.Tests.dll" adapterTypeName="executor://xunit/VsTestRunner2/netcoreapp" className="EasyWoWMacro.Tests.CommandValidatorTests" name="IsValidCommand_VariousInvalidCommands_ShouldReturnFalse" />
    </UnitTest>
    <UnitTest name="EasyWoWMacro.Tests.MacroParserTests.Debug_ComplexNestedConditional_ShouldShowParserOutput" storage="c:\users\pasca\riderprojects\easywowmacro\easywowmacro.tests\bin\debug\net10.0\easywowmacro.tests.dll" id="a4018bfb-5246-5931-d84b-6f85ffddac72">
      <Execution id="92d9ae6b-3797-458e-b1a1-4ff48f757172" />
[...]
      <Execution id="82f4bb76-f81d-4546-82d3-3dde14a55f17" />
      <TestMethod codeBase="C:\Users\Pasca\RiderProjects\EasyWoWMacro\EasyWoWMacro.Tests\bin\Debug\net10.0\EasyWoWMacro.Tests.dll" adapterTypeName="executor://xunit/VsTestRunner2/netcoreapp" className="EasyWoWMacro.Tests.CommandValidatorTests" name="IsValidCommand_ValidCommand_ShouldReturnTrue" />
    </UnitTest>
    <UnitTest name="EasyWoWMacro.Tests.CommandValidatorTests.IsValidCommand_VariousValidCommands_ShouldReturnTrue(commandName: &quot;/showtooltip&quot;)" storage="c:\users\pasca\riderprojects\easywowmacro\easywowmacro.tests\bin\debug\net10.0\easywowmacro.tests.dll" id="69520013-93d6-4eeb-dff1-3a320c8a3d15">
      <Execution id="4f1f275b-7e8b-4857-b0f9-cd699754bcf9" />
      <TestMethod codeBase="C:\Users\Pasca\RiderProjects\EasyWoWMacro\EasyWoWMacro.Tests\bin\Debug\net10.0\EasyWoWMacro.Tests.dll" adapterTypeName="executor://xunit/VsTestRunner2/netcoreapp" className="EasyWoWMacro.Tests.CommandValidatorTests" name="IsValidCommand_VariousValidCommands_ShouldReturnTrue" />
    </UnitTest>
    <UnitTest name="EasyWoWMacro.Tests.MacroParserTests.Parse_CommandWithInvalidBracketPlacement_ShouldFailGracefully" storage="c:\users\pasca\riderprojects\easywowmacro\easywowmacro.tests\bin\debug\net10.0\easywowmacro.tests.dll" id="57662b0a-4f29-522d-dbc5-9c35a52fc6d4">
      <Execution id="e095ac35-aad7-46d5-a019-618abeab43ce" />
      <TestMethod codeBase="C:\Users\Pasca\RiderProjects\EasyWoWMacro\EasyWoWMacro.Tests\bin\Debug\net10.0\EasyWoWMacro.Tests.dll" adapterTypeName="executor://xunit/VsTestRunner2/netcoreapp" className="EasyWoWMacro.Tests.MacroParserTests" name="Parse_CommandWithInvalidBracketPlacement_ShouldFailGracefully" />
    </UnitTest>
    <UnitTest name="EasyWoWMacro.Tests.MacroParserTests.Parse_CommandWithMultipleSemicolonsAndEmptyArguments_ShouldParseCorrectly" storage="c:\users\pasca\riderprojects\easywowmacro\easywowmacro.tests\bin\debug\net10.0\easywowmacro.tests.dll" id="8b8b5d92-0a98-b07a-144e-2239b23987fa">
      <Execution id="a7d8ee11-3cbc-4393-99b2-8dc5eaedb14e" />
      <TestMethod codeBase="C:\Users\Pasca\RiderProjects\EasyWoWMacro\EasyWoWMacro.Tests\bin\Debug\net10.0\EasyWoWMacro.Tests.dll" adapterTypeName="executor://xunit/VsTestRunner2/netcoreapp" className="EasyWoWMacro.Tests.MacroParserTests" name="Parse_CommandWithMultipleSemicolonsAndEmptyArguments_ShouldParseCorrectly" />
    </UnitTest>
    <UnitTest name="EasyWoWMacro.Tests.MacroParserTests.ValidateMacro_UnclosedBracket_ShouldReturnError" storage="c:\users\pasca\riderprojects\easywowmacro\easywowmacro.tests\bin\debug\net10.0\easywowmacro.tests.dll" id="5726d9d1-9b37-ad53-824d-cfb401dab2f0">
      <Execution id="1e9445fe-6fd8-4519-9ebc-401d8c77c708" />
      <TestMethod codeBase="C:\Users\Pasca\RiderProjects\EasyWoWMacro\EasyWoWMacro.Tests\bin\Debug\net10.0\EasyWoWMacro.Tests.dll" adapterTypeName="executor://xunit/VsTestRunner2/netcoreapp" className="EasyWoWMacro.Tests.MacroParserTests" name="ValidateMacro_UnclosedBracket_ShouldReturnError" />
    </UnitTest>
    <UnitTest name="EasyWoWMacro.Tests.ConditionalValidatorTests.IsValidCondition_InvalidCondition_ShouldReturnFalse" storage="c:\users\pasca\riderprojects\easywowmacro\easywowmacro.tests\bin\debug\net10.0\easywowmacro.tests.dll" id="50fa2be9-cdea-a261-4a75-60680699c8cd">
      <Execution id="5c7b1625-4ddb-4e61-a35a-0321e81e9131" />
      <TestMethod codeBase="C:\Users\Pasca\RiderProjects\EasyWoWMacro\EasyWoWMacro.Tests\bin\Debug\net10.0\EasyWoWMacro.Tests.dll" adapterTypeName="executor://xunit/VsTestRunner2/netcoreapp" className="EasyWoWMacro.Tests.ConditionalValidatorTests" name="IsValidCondition_InvalidCondition_ShouldReturnFalse" />
    </UnitTest>
    <UnitTest name="EasyWoWMacro.Tests.MacroParserTests.Parse_CommandWithItemIdAndConditionals_ShouldParseCorrectly" storage="c:\users\pasca\riderprojects\easywowmacro\easywowmacro.tests\bin\debug\net10.0\easywowmacro.tests.dll" id="aedbe9ba-0d33-86b5-973a-26d1b0215a20">
      <Execution id="32948ace-8b91-4a84-aa42-b0e9b4a760af" />
      <TestMethod codeBase="C:\Users\Pasca\RiderProjects\EasyWoWMacro\EasyWoWMacro.Tests\bin\Debug\net10.0\EasyWoWMacro.Tests.dll" adapterTypeName="executor://xunit/VsTestRunner2/netcoreapp" className="EasyWoWMacro.Tests.MacroParserTests" name="Parse_CommandWithItemIdAndConditionals_ShouldParseCorrectly" />
    </UnitTest>
    <UnitTest name="EasyWoWMacro.Tests.ConditionalValidatorTests.ValidateConditionSet_InvalidSet_ShouldReturnErrors" storage="c:\users\pasca\riderprojects\easywowmacro\easywowmacro.tests\bin\debug\net10.0\easywowmacro.tests.dll" id="1986e538-7808-f237-3cbf-2c88742786ad">
      <Execution id="e4b76539-4fc5-455a-a8f2-0e6b0d9e9af6" />
      <TestMethod codeBase="C:\Users\Pasca\RiderProjects\EasyWoWMacro\EasyWoWMacro.Tests\bin\Debug\net10.0\EasyWoWMacro.Tests.dll" adapterTypeName="executor://xunit/VsTestRunner2/netcoreapp" className="EasyWoWMacro.Tests.ConditionalValidatorTests" name="ValidateConditionSet_InvalidSet_ShouldReturnErrors" />
    </UnitTest>
  </TestDefinitions>
  <TestEntries>
    <TestEntry testId="69520013-93d6-4eeb-dff1-3a320c8a3d15" executionId="4f1f275b-7e8b-4857-b0f9-cd699754bcf9" testListId="8c84fa94-04c1-424b-9868-57a2d4851a1d" />
    <TestEntry testId="2157a626-d42c-43d4-7da3-3e179269c4e0" executionId="5acc1cb5-ab2f-49c0-a484-7f3999ed8ec3" testListId="8c84fa94-04c1-424b-9868-57a2d4851a1d" />
    <TestEntry testId="8836f919-0d13-e057-9959-4f65e65d10e6" executionId="b376a9ca-6187-4225-8268-33cda89fd230" testListId="8c84fa94-04c1-424b-9868-57a2d4851a1d" />
    <TestEntry testId="e871285a-d570-8b31-9d33-2f938d7f3f1c" executionId="85d430ea-b9d6-43b6-87cc-f7c97ea821ba" testListId="8c84fa94-04c1-424b-9868-57a2d4851a1d" />
    <TestEntry testId="ce8c545b-be51-2c27-2d6f-d4922b791842" executionId="0cfd639b-911f-4711-94b1-5d515c88cee1" testListId="8c84fa94-04c1-424b-9868-57a2d4851a1d" />
    <TestEntry testId="34c5a546-74e1-325d-c977-ee5e6830da6a" executionId="530b8f97-9f0a-4a33-ad9b-196ad1889327" testListId="8c84fa94-04c1-424b-9868-57a2d4851a1d" />
    <TestEntry testId="78b6e98a-ab62-94d1-25b8-3298ad7a2087" executionId="6fdcc270-2779-4d64-b5b2-aca5d72d19af" testListId="8c84fa94-04c1-424b-9868-57a2d4851a1d" />
    <TestEntry testId="9e163a1d-d418-1281-c1c1-ba6ca9562798" executionId="a5e85c1a-c911-411b-8114-8fd69b9d53ae" testListId="8c84fa94-04c1-424b-9868-57a2d4851a1d" />
    <TestEntry testId="4937df9e-4497-1e8c-cf24-c0af0767d726" executionId="4ceb07c5-8b69-4b68-a3d3-7365f3e7e576" testListId="8c84fa94-04c1-424b-9868-57a2d4851a1d" />
    <TestEntry testId="c7104428-2cdd-7733-48b6-2b4bc2c9b5ae" executionId="a9de28d4-6df2-400f-a845-aa423fe58323" testListId="8c84fa94-04c1-424b-9868-57a2d4851a1d" />
    <TestEntry testId="3c689df7-ebba-9fad-b4dd-189aa1b70c46" executionId="ecf80fff-ff8e-41f1-9d2d-ac9daff23a8c" testListId="8c84fa94-04c1-424b-9868-57a2d4851a1d" />
    <TestEntry testId="763076cf-34da-a001-15ba-dfb4902a490e" executionId="2a52e606-ac14-49ad-b804-b098e015b459" testListId="8c84fa94-04c1-424b-9868-57a2d4851a1d" />
    <TestEntry testId="61ec7924-e3bf-ccf9-6420-a1cd1f09f3b4" executionId="adb53fd9-17c3-4b02-88ef-d47294a03733" testListId="8c84fa94-04c1-424b-9868-57a2d4851a1d" />
    <TestEntry testId="e66910d8-ec28-84b2-d0dd-1e9b2f509b2b" executionId="17da3074-e2ac-4747-91c3-5210581dd482" testListId="8c84fa94-04c1-424b-9868-57a2d4851a1d" />
    <TestEntry testId="545f1c42-654e-c087-32ef-00a76c0256fb" executionId="cf6879ac-8449-46e2-94f0-392162a09b6c" testListId="8c84fa94-04c1-424b-9868-57a2d4851a1d" />
    <TestEntry testId="eead2606-6b79-9e86-1861-f01fd6954ec8" executionId="988ff147-0057-4047-8533-a6aaf706d520" testListId="8c84fa94-04c1-424b-9868-57a2d4851a1d" />
    <TestEntry testId="445aadbd-e752-4749-8848-c4fafa5937c6" executionId="196651ab-7adb-4ded-a94f-67a53110222d" testListId="8c84fa94-04c1-424b-9868-57a2d4851a1d" />
    <TestEntry testId="c5b9e21a-e727-6fc9-3980-71a8dbf31651" executionId="b7cd5180-0527-4e3a-b9f8-8ec94eb2591a" testListId="8c84fa94-04c1-424b-9868-57a2d4851a1d" />
    <TestEntry testId="a14194e4-dc98-6042-717f-a038d6e783ee" executionId="a1c7694a-c9c8-4997-91ce-2edc3d4851d3" testListId="8c84fa94-04c1-424b-9868-57a2d4851a1d" />
    <TestEntry testId="74929fb6-5959-ec64-d86b-af9289fd531b" executionId="8561eb91-65cb-424d-9bcf-3dae7325fd5c" testListId="8c84fa94-04c1-424b-9868-57a2d4851a1d" />
    <TestEntry testId="058d08cc-a427-33e9-6ecc-e0a46a9f8778" executionId="65372d58-b711-4881-85e0-2c27d8682d0e" testListId="8c84fa94-04c1-424b-9868-57a2d4851a1d" />
    <TestEntry testId="385487c1-d24b-5bcb-6706-2463b3493f73" executionId="7d3b1efb-8079-40b0-ad7f-d97997e85e7b" testListId="8c84fa94-04c1-424b-9868-57a2d4851a1d" />
    <TestEntry testId="8b8b5d92-0a98-b07a-144e-2239b23987fa" executionId="a7d8ee11-3cbc-4393-99b2-8dc5eaedb14e" testListId="8c84fa94-04c1-424b-9868-57a2d4851a1d" />
    <TestEntry testId="45421171-950f-eab2-3e31-abc72056ff93" executionId="3ef2b618-d27f-4e85-b183-77985a9a4d0c" testListId="8c84fa94-04c1-424b-9868-57a2d4851a1d" />
    <TestEntry testId="480afcf2-d935-bbe2-c70c-9947bf4681e3" executionId="b8dfb86a-6dd4-4eee-b10a-fd42e4f4dc01" testListId="8c84fa94-04c1-424b-9868-57a2d4851a1d" />
    <TestEntry testId="6b0ea6e4-bc72-9f3f-a965-a0cd081b2345" executionId="36004a75-0612-4bf3-96ef-c238e0711bd9" testListId="8c84fa94-04c1-424b-9868-57a2d4851a1d" />
    <TestEntry testId="95fe2a33-fbe4-5303-6dae-a50e135d27ff" executionId="19864f95-8906-42a7-8a75-d218668cbe12" testListId="8c84fa94-04c1-424b-9868-57a2d4851a1d" />
    <TestEntry testId="8cb1d424-0ce5-8364-7592-e8cc80b0a586" executionId="d1200c30-a497-441f-b69c-d6a79a3a376d" testListId="8c84fa94-04c1-424b-9868-57a2d4851a1d" />
    <TestEntry testId="a581d8ea-4219-22cc-31e5-38c8c5d590e8" executionId="7b8c1537-8d95-401c-bab9-58c75f7406b6" testListId="8c84fa94-04c1-424b-9868-57a2d4851a1d" />
    <TestEntry testId="aedbe9ba-0d33-86b5-973a-26d1b0215a20" executionId="32948ace-8b91-4a84-aa42-b0e9b4a760af" testListId="8c84fa94-04c1-424b-9868-57a2d4851a1d" />
    <TestEntry testId="57662b0a-4f29-522d-dbc5-9c35a52fc6d4" executionId="e095ac35-aad7-46d5-a019-618abeab43ce" testListId="8c84fa94-04c1-424b-9868-57a2d4851a1d" />
    <TestEntry testId="3d8dd365-e5b6-ac7c-1bd2-c1727736b5f6" executionId="6f4459f1-687e-4c8b-b1f1-38b9b0865ba3" testListId="8c84fa94-04c1-424b-9868-57a2d4851a1d" />
    <TestEntry testId="c4b6793d-5a16-8eb6-89e1-4e713c8083a1" executionId="4b2e6ab7-ed51-4193-9778-5d7650820a26" testListId="8c84fa94-04c1-424b-9868-57a2d4851a1d" />
    <TestEntry testId="9bbc6716-5132-253f-c8b9-9737a5852abf" executionId="87cadff3-48a3-4435-a3bb-ef6a4206eb9d" testListId="8c84fa94-04c1-424b-9868-57a2d4851a1d" />
    <TestEntry testId="50fa2be9-cdea-a261-4a75-60680699c8cd" executionId="5c7b1625-4ddb-4e61-a35a-0321e81e9131" testListId="8c84fa94-04c1-424b-9868-57a2d4851a1d" />
    <TestEntry testId="752bb6e3-fe12-9496-5010-6e2884c9d31d" executionId="87a92a28-674e-4a8f-8132-005b26d88cab" testListId="8c84fa94-04c1-424b-9868-57a2d4851a1d" />
    <TestEntry testId="3b304162-581a-5292-1f69-c4510378a939" executionId="82336a82-8864-4b0a-8e55-2f6cf3679dd4" testListId="8c84fa94-04c1-424b-9868-57a2d4851a1d" />
    <TestEntry testId="8e0cc53f-7a01-125e-620f-5c8c79fa76c5" executionId="98f49816-efe5-4211-94ec-1638fb8a1c64" testListId="8c84fa94-04c1-424b-9868-57a2d4851a1d" />
    <TestEntry testId="d95dbbeb-25f0-612e-a017-8ff4e285aee8" executionId="a5dd3738-6964-4a88-b0e3-a2703414cd2d" testListId="8c84fa94-04c1-424b-9868-57a2d4851a1d" />
    <TestEntry testId="29a0b6b4-2b2c-18b8-c8e2-fce86a53fb68" executionId="3b148863-904c-46de-8b87-8df9300adaf2" testListId="8c84fa94-04c1-424b-9868-57a2d4851a1d" />
    <TestEntry testId="cc20e584-5f67-aafd-1e1d-87dbb1c812f6" executionId="77e3ee64-9ddc-416a-b549-13be3d8a41cd" testListId="8c84fa94-04c1-424b-9868-57a2d4851a1d" />
    <TestEntry testId="1986e538-7808-f237-3cbf-2c88742786ad" executionId="e4b76539-4fc5-455a-a8f2-0e6b0d9e9af6" testListId="8c84fa94-04c1-424b-9868-57a2d4851a1d" />
    <TestEntry testId="fd001e86-7bae-6508-d03e-ba4137ee6252" executionId="0a145399-99a7-4abc-be60-5ed231ae80d4" testListId="8c84fa94-04c1-424b-9868-57a2d4851a1d" />
    <TestEntry testId="a2ab8bb5-6f0f-718c-206e-4d805120e845" executionId="fd2e3a40-96ec-4f07-beaa-ed87f463944c" testListId="8c84fa94-04c1-424b-9868-57a2d4851a1d" />
    <TestEntry testId="5b876ef7-ac81-61d8-daa1-879f15b4f480" executionId="df0ce9fa-9a1c-4af6-888c-3103d2b8cfd7" testListId="8c84fa94-04c1-424b-9868-57a2d4851a1d" />
    <TestEntry testId="a4018bfb-5246-5931-d84b-6f85ffddac72" executionId="92d9ae6b-3797-458e-b1a1-4ff48f757172" testListId="8c84fa94-04c1-424b-9868-57a2d4851a1d" />
    <TestEntry testId="a0dea182-b39c-3e52-b685-1b669cb6c34e" executionId="ae0aafd6-f2a3-4b83-98da-c298f3cfc76c" testListId="8c84fa94-04c1-424b-9868-57a2d4851a1d" />
    <TestEntry testId="91776f49-d6f0-4067-5742-ea19cce02991" executionId="41973c74-628c-4375-a919-b67b53ab0e58" testListId="8c84fa94-04c1-424b-9868-57a2d4851a1d" />
    <TestEntry testId="9c418c9c-3c36-f34d-c0de-51d686aa993d" executionId="291601b8-4bfb-42a8-bf56-6917c21047d1" testListId="8c84fa94-04c1-424b-9868-57a2d4851a1d" />
    <TestEntry testId="c4600219-3512-aee4-77dd-63c2e4c09509" executionId="3daea972-2b52-49c1-aecf-76a9b9f92599" testListId="8c84fa94-04c1-424b-9868-57a2d4851a1d" />
    <TestEntry testId="fb9018d3-a333-5d29-27d1-94a8951675a2" executionId="c4a78f43-35ae-41fe-9822-98d0839c7ecb" testListId="8c84fa94-04c1-424b-9868-57a2d4851a1d" />
    <TestEntry testId="65e9ef6b-fc3a-a17f-0ec4-052267f3c683" executionId="437ed34e-2bd8-46e8-bad7-afd4c983b0b1" testListId="8c84fa94-04c1-424b-9868-57a2d4851a1d" />
    <TestEntry testId="4a7b4952-56a0-2320-3948-82c30b1435c2" executionId="ab61a768-2496-433e-9e2e-41e0a85bce38" testListId="8c84fa94-04c1-424b-9868-57a2d4851a1d" />
    <TestEntry testId="d80bb102-eda3-49fb-2e19-a3fc7671e0f8" executionId="6edd60e4-6e16-49eb-9eb2-0d261607afde" testListId="8c84fa94-04c1-424b-9868-57a2d4851a1d" />
    <TestEntry testId="2d86934e-6ed8-324d-ae21-df98eb7b6957" executionId="e3967bf1-ba40-49cf-bf68-5ae66a5ad492" testListId="8c84fa94-04c1-424b-9868-57a2d4851a1d" />
    <TestEntry testId="0d7ca502-56a3-2b40-6ab1-4661a3efa7a2" executionId="c16b64be-0617-484c-aecb-eb6b5871aa6f" testListId="8c84fa94-04c1-424b-9868-57a2d4851a1d" />
    <TestEntry testId="7f43e22a-cece-2041-87cc-40bb704b16b7" executionId="d45fbd7f-d065-4a2e-8fb9-dcc4e9390473" testListId="8c84fa94-04c1-424b-9868-57a2d4851a1d" />
    <TestEntry testId="24d024f8-70d8-a8d5-9e1b-835d9699de9b" executionId="daf14913-6ccf-4939-b97c-24bd628f8449" testListId="8c84fa94-04c1-424b-9868-57a2d4851a1d" />
    <TestEntry testId="2d6ef372-627f-84cc-36e6-006c36b5f897" executionId="c18e05b7-1f17-4f4c-8365-11328b58fccc" testListId="8c84fa94-04c1-424b-9868-57a2d4851a1d" />
    <TestEntry testId="513d752f-4b39-bd46-466b-a6adfe1c71b7" executionId="e38883cd-b3b0-4906-81fd-dc1764a3135f" testListId="8c84fa94-04c1-424b-9868-57a2d4851a1d" />
    <TestEntry testId="29a444a3-dfcc-e259-0a66-ac233ba3a042" executionId="c94bf9e5-fe7c-4b75-ae7e-7f0b996c8644" testListId="8c84fa94-04c1-424b-9868-57a2d4851a1d" />
    <TestEntry testId="4298cd32-da01-db6b-336d-ee6ae60a1640" executionId="26b1dc26-b02d-453f-ac71-d917a1acd73f" testListId="8c84fa94-04c1-424b-9868-57a2d4851a1d" />
    <TestEntry testId="6a2f7f86-3364-2dc0-ddd0-0ff65b2931e9" executionId="0709528d-d6e6-4e4e-b081-e9281bb9c7fd" testListId="8c84fa94-04c1-424b-9868-57a2d4851a1d" />
    <TestEntry testId="eee677df-7418-ea62-3400-d1d6920ece86" executionId="7c699e3c-60f3-4b55-b1b0-33796b6dc315" testListId="8c84fa94-04c1-424b-9868-57a2d4851a1d" />
    <TestEntry testId="3dcf6792-4030-10e5-206c-ac5d7fd1dfa5" executionId="22ee77ba-c52b-4d71-839d-07e902ae169a" testListId="8c84fa94-04c1-424b-9868-57a2d4851a1d" />
    <TestEntry testId="e674b907-1375-f6bb-7cc8-611072e39a4b" executionId="22522cd8-8121-41a8-a655-295b4ff114a5" testListId="8c84fa94-04c1-424b-9868-57a2d4851a1d" />
    <TestEntry testId="cc903088-8bbe-d49d-45bd-29aaf5f273cd" executionId="03ddb5e4-d2e4-47cf-948b-4110c35030fa" testListId="8c84fa94-04c1-424b-9868-57a2d4851a1d" />
    <TestEntry testId="092340ef-312e-17ef-2495-da1023a93b0f" executionId="04b1f04f-1347-4860-b304-bd8bb2306bb7" testListId="8c84fa94-04c1-424b-9868-57a2d4851a1d" />
    <TestEntry testId="020fabdf-1b5b-33df-5862-87cb0ac689ab" executionId="b010eed9-08f1-4db4-8694-908d4060cf50" testListId="8c84fa94-04c1-424b-9868-57a2d4851a1d" />
    <TestEntry testId="be78f624-318d-8ef8-92fd-29520e0e3df5" executionId="013cb7e0-a689-48d7-9724-8a1241c0e64a" testListId="8c84fa94-04c1-424b-9868-57a2d4851a1d" />
    <TestEntry testId="692d2b01-15cc-4103-702d-785f50bf9a17" executionId="ad057543-9281-4e57-8fcb-12e8412ff6df" testListId="8c84fa94-04c1-424b-9868-57a2d4851a1d" />
    <TestEntry testId="a57e3b59-d8c9-376f-e73d-c5bc0e43361b" executionId="87f0d6fa-9568-4aae-b135-e20abe896b5a" testListId="8c84fa94-04c1-424b-9868-57a2d4851a1d" />
    <TestEntry testId="5726d9d1-9b37-ad53-824d-cfb401dab2f0" executionId="1e9445fe-6fd8-4519-9ebc-401d8c77c708" testListId="8c84fa94-04c1-424b-9868-57a2d4851a1d" />
    <TestEntry testId="cb61b1a3-0b6a-1d59-55db-8a8a867ca809" executionId="4dae19bc-6c08-481e-be89-4e0bc8b9becc" testListId="8c84fa94-04c1-424b-9868-57a2d4851a1d" />
    <TestEntry testId="cce185db-0ab7-fdc0-4061-e0800220feb2" executionId="89530e58-a3e5-484b-a9ba-a8cc7519094b" testListId="8c84fa94-04c1-424b-9868-57a2d4851a1d" />
    <TestEntry testId="6dcc06e5-59ac-6574-8648-49e6d1a470cc" executionId="b989143d-673f-4b8a-9332-75a7291854b3" testListId="8c84fa94-04c1-424b-9868-57a2d4851a1d" />
    <TestEntry testId="b2e1ec97-b16d-a9d0-5f75-3de55ae3a5d5" executionId="5f833bd8-0d6f-4e84-a61b-c1998d0b470c" testListId="8c84fa94-04c1-424b-9868-57a2d4851a1d" />
    <TestEntry testId="af924a79-e88c-311f-926c-bd39ac0387b3" executionId="83a6092c-3699-429c-b0db-d2d9de194019" testListId="8c84fa94-04c1-424b-9868-57a2d4851a1d" />
    <TestEntry testId="e0dc5fee-3c57-5d55-7069-855882e0e9d5" executionId="5158fd72-df84-41f9-8268-68a103925f82" testListId="8c84fa94-04c1-424b-9868-57a2d4851a1d" />
    <TestEntry testId="94f955ea-c6df-db34-c704-641c54ffb03c" executionId="82f4bb76-f81d-4546-82d3-3dde14a55f17" testListId="8c84fa94-04c1-424b-9868-57a2d4851a1d" />
    <TestEntry testId="5a173877-ff4f-a672-3a69-2e6ff0fb47e1" executionId="6bee9d20-e823-422e-b948-76d6b330b2b7" testListId="8c84fa94-04c1-424b-9868-57a2d4851a1d" />
    <TestEntry testId="87d2f25b-90b6-5853-0c68-2df94b0047e2" executionId="c776bdf7-312e-4065-9761-68fd5edf4678" testListId="8c84fa94-04c1-424b-9868-57a2d4851a1d" />
  </TestEntries>
  <TestLists>
    <TestList name="Results Not in a List" id="8c84fa94-04c1-424b-9868-57a2d4851a1d" />
    <TestList name="All Loaded Results" id="19431567-8539-422a-85d7-44ee4e166bda" />
  </TestLists>
  <ResultSummary outcome="Completed">
    <Counters total="82" executed="82" passed="82" failed="0" error="0" timeout="0" aborted="0" inconclusive="0" passedButRunAborted="0" notRunnable="0" notExecuted="0" disconnected="0" warning="0" completed="0" inProgress="0" pending="0" />
    <Output>
      <StdOut>[xUnit.net 00:00:00.00] xUnit.net VSTest Adapter v2.8.2+699d445a1a (64-bit .NET 10.0.0-preview.4.25258.110)&#xD;
[xUnit.net 00:00:00.03]   Discovering: EasyWoWMacro.Tests&#xD;
[xUnit.net 00:00:00.06]   Discovered:  EasyWoWMacro.Tests&#xD;
[xUnit.net 00:00:00.06]   Starting:    EasyWoWMacro.Tests&#xD;
Command: /cast&#xD;
Arguments count: 2&#xD;
  Argument: 'Polymorph'&#xD;
  Argument: 'Fireball'&#xD;
Conditionals null: False&#xD;
Condition sets count: 4&#xD;
  Set 0: 2 conditions&#xD;
    mod:shift&#xD;
    @focus:&#xD;
  Set 1: 2 conditions&#xD;
    @mouseover:&#xD;
    exists:&#xD;
  Set 2: 1 conditions&#xD;
    combat:&#xD;
  Set 3: 1 conditions&#xD;
    help:&#xD;
[xUnit.net 00:00:00.11]   Finished:    EasyWoWMacro.Tests&#xD;
</StdOut>
    </Output>
  </ResultSummary>
</TestRun>